#
# There is insufficient memory for the Java Runtime Environment to continue.
# Native memory allocation (mmap) failed to map 132120576 bytes for Failed to commit area from 0x000000008ca00000 to 0x0000000094800000 of length 132120576.
# Possible reasons:
#   The system is out of physical RAM or swap space
#   The process is running with CompressedOops enabled, and the Java Heap may be blocking the growth of the native heap
# Possible solutions:
#   Reduce memory load on the system
#   Increase physical memory or swap space
#   Check if swap backing store is full
#   Decrease Java heap size (-Xmx/-Xms)
#   Decrease number of Java threads
#   Decrease Java thread stack sizes (-Xss)
#   Set larger code cache with -XX:ReservedCodeCacheSize=
#   JVM is running with Unscaled Compressed Oops mode in which the Java heap is
#     placed in the first 4GB address space. The Java Heap base address is the
#     maximum limit for the native heap growth. Please use -XX:HeapBaseMinAddress
#     to set the Java Heap base and to place the Java Heap above 4GB virtual address.
# This output file may be truncated or incomplete.
#
#  Out of Memory Error (src/hotspot/os/windows/os_windows.cpp:3627), pid=12024, tid=2608
#
# JRE version: OpenJDK Runtime Environment (11.0.15) (build 11.0.15+0-b2043.56-9505619)
# Java VM: OpenJDK 64-Bit Server VM (11.0.15+0-b2043.56-9505619, mixed mode, tiered, compressed oops, g1 gc, windows-amd64)
# No core dump will be written. Minidumps are not enabled by default on client versions of Windows
#

---------------  S U M M A R Y ------------

Command Line: --add-opens=java.base/java.util=ALL-UNNAMED --add-opens=java.base/java.lang=ALL-UNNAMED --add-opens=java.base/java.lang.invoke=ALL-UNNAMED --add-opens=java.base/java.util=ALL-UNNAMED --add-opens=java.prefs/java.util.prefs=ALL-UNNAMED --add-opens=java.prefs/java.util.prefs=ALL-UNNAMED --add-opens=java.base/java.nio.charset=ALL-UNNAMED --add-opens=java.base/java.net=ALL-UNNAMED --add-opens=java.base/java.util.concurrent.atomic=ALL-UNNAMED -Xmx2048m -Dfile.encoding=UTF-8 -Duser.country=RU -Duser.language=ru -Duser.variant org.gradle.launcher.daemon.bootstrap.GradleDaemon 7.5

Host: AMD Ryzen 5 3550H with Radeon Vega Mobile Gfx  , 8 cores, 5G,  Windows 10 , 64 bit Build 19041 (10.0.19041.1023)
Time: Thu Feb  9 18:28:49 2023  Windows 10 , 64 bit Build 19041 (10.0.19041.1023) elapsed time: 37.910280 seconds (0d 0h 0m 37s)

---------------  T H R E A D  ---------------

Current thread (0x000001f3c2886800):  VMThread "VM Thread" [stack: 0x0000005ee8000000,0x0000005ee8100000] [id=2608]

Stack: [0x0000005ee8000000,0x0000005ee8100000]
[error occurred during error reporting (printing stack bounds), id 0xc0000005, EXCEPTION_ACCESS_VIOLATION (0xc0000005) at pc=0x000001f3abf0112d]

Native frames: (J=compiled Java code, j=interpreted, Vv=VM code, C=native code)
V  [jvm.dll+0x64135a]
V  [jvm.dll+0x7d39f9]
V  [jvm.dll+0x7d51b9]
V  [jvm.dll+0x7d5805]
V  [jvm.dll+0x7d57bb]
V  [jvm.dll+0x640655]
V  [jvm.dll+0x640d68]
C  [ntdll.dll+0xa217f]
C  [ntdll.dll+0x51454]
C  [ntdll.dll+0xa0cae]
C  0x000001f3abf0112d

VM_Operation (0x0000005eefcf93e0): G1CollectForAllocation, mode: safepoint, requested by thread 0x000001f3c5ef5800


---------------  P R O C E S S  ---------------

Threads class SMR info:
_java_thread_list=0x000001f3cda331b0, length=133, elements={
0x000001f3a83d1800, 0x000001f3c289b800, 0x000001f3c28a5000, 0x000001f3c30f6800,
0x000001f3c30f8000, 0x000001f3c30f9000, 0x000001f3c30fd000, 0x000001f3c3101800,
0x000001f3c3113000, 0x000001f3c3265000, 0x000001f3c44a2800, 0x000001f3c4b88800,
0x000001f3c5542800, 0x000001f3c5543000, 0x000001f3c3e5e800, 0x000001f3c55ae000,
0x000001f3c55ae800, 0x000001f3c55b3000, 0x000001f3c5220800, 0x000001f3c5383800,
0x000001f3c537f800, 0x000001f3c537c000, 0x000001f3c537d000, 0x000001f3c5380000,
0x000001f3c5381000, 0x000001f3c537b800, 0x000001f3c5382000, 0x000001f3c537d800,
0x000001f3c537e800, 0x000001f3c5e83800, 0x000001f3c5e7e800, 0x000001f3c5e7e000,
0x000001f3c5e84800, 0x000001f3c5e80800, 0x000001f3c5e86000, 0x000001f3c5e87800,
0x000001f3c5e82000, 0x000001f3c5e87000, 0x000001f3c5e88800, 0x000001f3c5e83000,
0x000001f3c5e8b000, 0x000001f3c5e8a000, 0x000001f3c5e8c800, 0x000001f3c5e89800,
0x000001f3c5e8c000, 0x000001f3c7b1d800, 0x000001f3c7b1c800, 0x000001f3c7b1e000,
0x000001f3c7b19000, 0x000001f3c7b1f000, 0x000001f3c7b1b800, 0x000001f3c7b20000,
0x000001f3c7b1a000, 0x000001f3c7b20800, 0x000001f3c7b1b000, 0x000001f3c7b22000,
0x000001f3c7b24800, 0x000001f3c7b23000, 0x000001f3c7b26800, 0x000001f3c7b25800,
0x000001f3c7b27000, 0x000001f3c7b21800, 0x000001f3c7b24000, 0x000001f3c7b28000,
0x000001f3c7535000, 0x000001f3c7536000, 0x000001f3c7534000, 0x000001f3c7532800,
0x000001f3c7533800, 0x000001f3c7530000, 0x000001f3c7536800, 0x000001f3c7531000,
0x000001f3c7537800, 0x000001f3c7531800, 0x000001f3c753c800, 0x000001f3c753b800,
0x000001f3c753d000, 0x000001f3c7538000, 0x000001f3c753f000, 0x000001f3c753e000,
0x000001f3c753a000, 0x000001f3c7539000, 0x000001f3c753a800, 0x000001f3c5bd2000,
0x000001f3c5bd1800, 0x000001f3c5bce000, 0x000001f3c5bd3000, 0x000001f3c5bcd800,
0x000001f3c5bcf800, 0x000001f3c5bcf000, 0x000001f3c5bd4000, 0x000001f3c5bd4800,
0x000001f3c5bd6800, 0x000001f3c5bd5800, 0x000001f3c5bd0800, 0x000001f3c5bd7000,
0x000001f3c5bda800, 0x000001f3c5bd9800, 0x000001f3c5bdb000, 0x000001f3c5bdc000,
0x000001f3c5bd8800, 0x000001f3c5bd8000, 0x000001f3c5eea000, 0x000001f3c5eee000,
0x000001f3c5ee9000, 0x000001f3c5eea800, 0x000001f3c5eed000, 0x000001f3c5eeb800,
0x000001f3c5eec800, 0x000001f3c5ee8800, 0x000001f3c5ef1800, 0x000001f3c5ef3800,
0x000001f3c5ef4800, 0x000001f3c5eef000, 0x000001f3c5ef2000, 0x000001f3c5ef5800,
0x000001f3c5ef3000, 0x000001f3c5eef800, 0x000001f3c5ef6000, 0x000001f3c5ef0800,
0x000001f3c5ef7000, 0x000001f3c820f800, 0x000001f3c820e000, 0x000001f3c8211800,
0x000001f3c820f000, 0x000001f3c8212000, 0x000001f3c8213000, 0x000001f3c820d800,
0x000001f3c8214000, 0x000001f3cbbcd000, 0x000001f3cbbd0800, 0x000001f3cbbcf800,
0x000001f3cbbce800
}

Java Threads: ( => current thread )
  0x000001f3a83d1800 JavaThread "main" [_thread_blocked, id=2912, stack(0x0000005ee7a00000,0x0000005ee7b00000)]
  0x000001f3c289b800 JavaThread "Reference Handler" daemon [_thread_blocked, id=9924, stack(0x0000005ee8100000,0x0000005ee8200000)]
  0x000001f3c28a5000 JavaThread "Finalizer" daemon [_thread_blocked, id=6624, stack(0x0000005ee8200000,0x0000005ee8300000)]
  0x000001f3c30f6800 JavaThread "Signal Dispatcher" daemon [_thread_blocked, id=6492, stack(0x0000005ee8300000,0x0000005ee8400000)]
  0x000001f3c30f8000 JavaThread "Attach Listener" daemon [_thread_blocked, id=2192, stack(0x0000005ee8400000,0x0000005ee8500000)]
  0x000001f3c30f9000 JavaThread "Service Thread" daemon [_thread_blocked, id=11904, stack(0x0000005ee8500000,0x0000005ee8600000)]
  0x000001f3c30fd000 JavaThread "C2 CompilerThread0" daemon [_thread_in_native, id=3344, stack(0x0000005ee8600000,0x0000005ee8700000)]
  0x000001f3c3101800 JavaThread "C1 CompilerThread0" daemon [_thread_blocked, id=9608, stack(0x0000005ee8700000,0x0000005ee8800000)]
  0x000001f3c3113000 JavaThread "Sweeper thread" daemon [_thread_blocked, id=8940, stack(0x0000005ee8800000,0x0000005ee8900000)]
  0x000001f3c3265000 JavaThread "Common-Cleaner" daemon [_thread_blocked, id=8820, stack(0x0000005ee8900000,0x0000005ee8a00000)]
  0x000001f3c44a2800 JavaThread "Daemon health stats" [_thread_blocked, id=7068, stack(0x0000005ee8c00000,0x0000005ee8d00000)]
  0x000001f3c4b88800 JavaThread "Incoming local TCP Connector on port 50450" [_thread_in_native, id=7968, stack(0x0000005ee8d00000,0x0000005ee8e00000)]
  0x000001f3c5542800 JavaThread "Daemon periodic checks" [_thread_blocked, id=1440, stack(0x0000005ee8e00000,0x0000005ee8f00000)]
  0x000001f3c5543000 JavaThread "Daemon" [_thread_blocked, id=11304, stack(0x0000005ee8f00000,0x0000005ee9000000)]
  0x000001f3c3e5e800 JavaThread "Handler for socket connection from /127.0.0.1:50450 to /127.0.0.1:50451" [_thread_in_native, id=12240, stack(0x0000005ee9000000,0x0000005ee9100000)]
  0x000001f3c55ae000 JavaThread "Cancel handler" [_thread_blocked, id=1164, stack(0x0000005ee9700000,0x0000005ee9800000)]
  0x000001f3c55ae800 JavaThread "Daemon worker" [_thread_blocked, id=3128, stack(0x0000005ee9800000,0x0000005ee9900000)]
  0x000001f3c55b3000 JavaThread "Asynchronous log dispatcher for DefaultDaemonConnection: socket connection from /127.0.0.1:50450 to /127.0.0.1:50451" [_thread_blocked, id=4848, stack(0x0000005ee9900000,0x0000005ee9a00000)]
  0x000001f3c5220800 JavaThread "Stdin handler" [_thread_blocked, id=1224, stack(0x0000005ee9a00000,0x0000005ee9b00000)]
  0x000001f3c5383800 JavaThread "Daemon client event forwarder" [_thread_blocked, id=1756, stack(0x0000005ee9b00000,0x0000005ee9c00000)]
  0x000001f3c537f800 JavaThread "Cache worker for journal cache (C:\Users\sergi\.gradle\caches\journal-1)" [_thread_blocked, id=1544, stack(0x0000005ee9c00000,0x0000005ee9d00000)]
  0x000001f3c537c000 JavaThread "File lock request listener" [_thread_in_native, id=8724, stack(0x0000005ee9d00000,0x0000005ee9e00000)]
  0x000001f3c537d000 JavaThread "Cache worker for file hash cache (C:\Users\sergi\.gradle\caches\7.5\fileHashes)" [_thread_blocked, id=8304, stack(0x0000005ee9f00000,0x0000005eea000000)]
  0x000001f3c5380000 JavaThread "File watcher server" daemon [_thread_blocked, id=11448, stack(0x0000005eea000000,0x0000005eea100000)]
  0x000001f3c5381000 JavaThread "File watcher consumer" daemon [_thread_blocked, id=9972, stack(0x0000005eea100000,0x0000005eea200000)]
  0x000001f3c537b800 JavaThread "Cache worker for checksums cache (D:\prkt_kotln\.gradle\7.5\checksums)" [_thread_blocked, id=8124, stack(0x0000005eea200000,0x0000005eea300000)]
  0x000001f3c5382000 JavaThread "Cache worker for cache directory md-rule (C:\Users\sergi\.gradle\caches\7.5\md-rule)" [_thread_blocked, id=3492, stack(0x0000005eea300000,0x0000005eea400000)]
  0x000001f3c537d800 JavaThread "Cache worker for file content cache (C:\Users\sergi\.gradle\caches\7.5\fileContent)" [_thread_blocked, id=12212, stack(0x0000005eea400000,0x0000005eea500000)]
  0x000001f3c537e800 JavaThread "Cache worker for file hash cache (D:\prkt_kotln\.gradle\7.5\fileHashes)" [_thread_blocked, id=11704, stack(0x0000005eea500000,0x0000005eea600000)]
  0x000001f3c5e83800 JavaThread "Cache worker for cache directory md-supplier (C:\Users\sergi\.gradle\caches\7.5\md-supplier)" [_thread_blocked, id=7824, stack(0x0000005eea600000,0x0000005eea700000)]
  0x000001f3c5e7e800 JavaThread "Cache worker for execution history cache (C:\Users\sergi\.gradle\caches\7.5\executionHistory)" [_thread_blocked, id=6500, stack(0x0000005eea700000,0x0000005eea800000)]
  0x000001f3c5e7e000 JavaThread "jar transforms" [_thread_blocked, id=9940, stack(0x0000005eea800000,0x0000005eea900000)]
  0x000001f3c5e84800 JavaThread "jar transforms Thread 2" [_thread_blocked, id=10488, stack(0x0000005eea900000,0x0000005eeaa00000)]
  0x000001f3c5e80800 JavaThread "jar transforms Thread 3" [_thread_blocked, id=8288, stack(0x0000005eeaa00000,0x0000005eeab00000)]
  0x000001f3c5e86000 JavaThread "jar transforms Thread 4" [_thread_blocked, id=11708, stack(0x0000005eeab00000,0x0000005eeac00000)]
  0x000001f3c5e87800 JavaThread "Cache worker for dependencies-accessors (D:\prkt_kotln\.gradle\7.5\dependencies-accessors)" [_thread_blocked, id=2532, stack(0x0000005eeac00000,0x0000005eead00000)]
  0x000001f3c5e82000 JavaThread "jar transforms Thread 5" [_thread_blocked, id=11752, stack(0x0000005eead00000,0x0000005eeae00000)]
  0x000001f3c5e87000 JavaThread "Cache worker for Build Output Cleanup Cache (D:\prkt_kotln\.gradle\buildOutputCleanup)" [_thread_blocked, id=7112, stack(0x0000005eeae00000,0x0000005eeaf00000)]
  0x000001f3c5e88800 JavaThread "Unconstrained build operations" [_thread_blocked, id=12036, stack(0x0000005eeaf00000,0x0000005eeb000000)]
  0x000001f3c5e83000 JavaThread "Unconstrained build operations Thread 2" [_thread_blocked, id=8260, stack(0x0000005eeb000000,0x0000005eeb100000)]
  0x000001f3c5e8b000 JavaThread "Unconstrained build operations Thread 3" [_thread_blocked, id=3408, stack(0x0000005eeb100000,0x0000005eeb200000)]
  0x000001f3c5e8a000 JavaThread "Unconstrained build operations Thread 4" [_thread_blocked, id=8356, stack(0x0000005eeb200000,0x0000005eeb300000)]
  0x000001f3c5e8c800 JavaThread "Unconstrained build operations Thread 5" [_thread_blocked, id=7412, stack(0x0000005eeb300000,0x0000005eeb400000)]
  0x000001f3c5e89800 JavaThread "Unconstrained build operations Thread 6" [_thread_blocked, id=6872, stack(0x0000005eeb400000,0x0000005eeb500000)]
  0x000001f3c5e8c000 JavaThread "Unconstrained build operations Thread 7" [_thread_blocked, id=6852, stack(0x0000005eeb500000,0x0000005eeb600000)]
  0x000001f3c7b1d800 JavaThread "Unconstrained build operations Thread 8" [_thread_blocked, id=6892, stack(0x0000005eeb600000,0x0000005eeb700000)]
  0x000001f3c7b1c800 JavaThread "Unconstrained build operations Thread 9" [_thread_blocked, id=6996, stack(0x0000005eeb700000,0x0000005eeb800000)]
  0x000001f3c7b1e000 JavaThread "Unconstrained build operations Thread 10" [_thread_blocked, id=7560, stack(0x0000005eeb800000,0x0000005eeb900000)]
  0x000001f3c7b19000 JavaThread "Unconstrained build operations Thread 11" [_thread_blocked, id=6836, stack(0x0000005eeb900000,0x0000005eeba00000)]
  0x000001f3c7b1f000 JavaThread "Unconstrained build operations Thread 12" [_thread_blocked, id=9220, stack(0x0000005eeba00000,0x0000005eebb00000)]
  0x000001f3c7b1b800 JavaThread "Unconstrained build operations Thread 13" [_thread_blocked, id=5328, stack(0x0000005eebb00000,0x0000005eebc00000)]
  0x000001f3c7b20000 JavaThread "Unconstrained build operations Thread 14" [_thread_blocked, id=5960, stack(0x0000005eebc00000,0x0000005eebd00000)]
  0x000001f3c7b1a000 JavaThread "Unconstrained build operations Thread 15" [_thread_blocked, id=9076, stack(0x0000005eebd00000,0x0000005eebe00000)]
  0x000001f3c7b20800 JavaThread "Unconstrained build operations Thread 16" [_thread_blocked, id=8812, stack(0x0000005eebe00000,0x0000005eebf00000)]
  0x000001f3c7b1b000 JavaThread "Unconstrained build operations Thread 17" [_thread_blocked, id=12008, stack(0x0000005eebf00000,0x0000005eec000000)]
  0x000001f3c7b22000 JavaThread "Unconstrained build operations Thread 18" [_thread_blocked, id=3912, stack(0x0000005eec000000,0x0000005eec100000)]
  0x000001f3c7b24800 JavaThread "Unconstrained build operations Thread 19" [_thread_blocked, id=11732, stack(0x0000005eec100000,0x0000005eec200000)]
  0x000001f3c7b23000 JavaThread "Unconstrained build operations Thread 20" [_thread_blocked, id=4400, stack(0x0000005eec200000,0x0000005eec300000)]
  0x000001f3c7b26800 JavaThread "Unconstrained build operations Thread 21" [_thread_blocked, id=11604, stack(0x0000005eec300000,0x0000005eec400000)]
  0x000001f3c7b25800 JavaThread "Unconstrained build operations Thread 22" [_thread_blocked, id=876, stack(0x0000005eec400000,0x0000005eec500000)]
  0x000001f3c7b27000 JavaThread "Unconstrained build operations Thread 23" [_thread_blocked, id=10132, stack(0x0000005eec500000,0x0000005eec600000)]
  0x000001f3c7b21800 JavaThread "Unconstrained build operations Thread 24" [_thread_blocked, id=9140, stack(0x0000005eec600000,0x0000005eec700000)]
  0x000001f3c7b24000 JavaThread "Unconstrained build operations Thread 25" [_thread_blocked, id=12092, stack(0x0000005eec700000,0x0000005eec800000)]
  0x000001f3c7b28000 JavaThread "Unconstrained build operations Thread 26" [_thread_blocked, id=7756, stack(0x0000005eec800000,0x0000005eec900000)]
  0x000001f3c7535000 JavaThread "Unconstrained build operations Thread 27" [_thread_blocked, id=12152, stack(0x0000005eec900000,0x0000005eeca00000)]
  0x000001f3c7536000 JavaThread "Unconstrained build operations Thread 28" [_thread_blocked, id=5164, stack(0x0000005eeca00000,0x0000005eecb00000)]
  0x000001f3c7534000 JavaThread "Unconstrained build operations Thread 29" [_thread_blocked, id=2604, stack(0x0000005eecb00000,0x0000005eecc00000)]
  0x000001f3c7532800 JavaThread "Unconstrained build operations Thread 30" [_thread_blocked, id=7984, stack(0x0000005eecc00000,0x0000005eecd00000)]
  0x000001f3c7533800 JavaThread "Unconstrained build operations Thread 31" [_thread_blocked, id=5268, stack(0x0000005eecd00000,0x0000005eece00000)]
  0x000001f3c7530000 JavaThread "Unconstrained build operations Thread 32" [_thread_blocked, id=10260, stack(0x0000005eece00000,0x0000005eecf00000)]
  0x000001f3c7536800 JavaThread "Unconstrained build operations Thread 33" [_thread_blocked, id=8440, stack(0x0000005eecf00000,0x0000005eed000000)]
  0x000001f3c7531000 JavaThread "Unconstrained build operations Thread 34" [_thread_blocked, id=3740, stack(0x0000005eed000000,0x0000005eed100000)]
  0x000001f3c7537800 JavaThread "Unconstrained build operations Thread 35" [_thread_blocked, id=1324, stack(0x0000005eed100000,0x0000005eed200000)]
  0x000001f3c7531800 JavaThread "Unconstrained build operations Thread 36" [_thread_blocked, id=2436, stack(0x0000005eed200000,0x0000005eed300000)]
  0x000001f3c753c800 JavaThread "Unconstrained build operations Thread 37" [_thread_blocked, id=7140, stack(0x0000005eed300000,0x0000005eed400000)]
  0x000001f3c753b800 JavaThread "Unconstrained build operations Thread 38" [_thread_blocked, id=4812, stack(0x0000005eed400000,0x0000005eed500000)]
  0x000001f3c753d000 JavaThread "Unconstrained build operations Thread 39" [_thread_blocked, id=7656, stack(0x0000005eed500000,0x0000005eed600000)]
  0x000001f3c7538000 JavaThread "Unconstrained build operations Thread 40" [_thread_blocked, id=6188, stack(0x0000005eed600000,0x0000005eed700000)]
  0x000001f3c753f000 JavaThread "Unconstrained build operations Thread 41" [_thread_blocked, id=2620, stack(0x0000005eed700000,0x0000005eed800000)]
  0x000001f3c753e000 JavaThread "Unconstrained build operations Thread 42" [_thread_blocked, id=3768, stack(0x0000005eed800000,0x0000005eed900000)]
  0x000001f3c753a000 JavaThread "Unconstrained build operations Thread 43" [_thread_blocked, id=11900, stack(0x0000005eed900000,0x0000005eeda00000)]
  0x000001f3c7539000 JavaThread "Unconstrained build operations Thread 44" [_thread_blocked, id=7308, stack(0x0000005eeda00000,0x0000005eedb00000)]
  0x000001f3c753a800 JavaThread "Unconstrained build operations Thread 45" [_thread_blocked, id=6448, stack(0x0000005eedb00000,0x0000005eedc00000)]
  0x000001f3c5bd2000 JavaThread "Unconstrained build operations Thread 46" [_thread_blocked, id=10552, stack(0x0000005eedc00000,0x0000005eedd00000)]
  0x000001f3c5bd1800 JavaThread "Unconstrained build operations Thread 47" [_thread_blocked, id=11092, stack(0x0000005eedd00000,0x0000005eede00000)]
  0x000001f3c5bce000 JavaThread "Unconstrained build operations Thread 48" [_thread_blocked, id=11108, stack(0x0000005eede00000,0x0000005eedf00000)]
  0x000001f3c5bd3000 JavaThread "Unconstrained build operations Thread 49" [_thread_blocked, id=10504, stack(0x0000005eedf00000,0x0000005eee000000)]
  0x000001f3c5bcd800 JavaThread "Unconstrained build operations Thread 50" [_thread_blocked, id=8480, stack(0x0000005eee000000,0x0000005eee100000)]
  0x000001f3c5bcf800 JavaThread "Unconstrained build operations Thread 51" [_thread_blocked, id=4120, stack(0x0000005eee100000,0x0000005eee200000)]
  0x000001f3c5bcf000 JavaThread "Unconstrained build operations Thread 52" [_thread_blocked, id=10188, stack(0x0000005eee200000,0x0000005eee300000)]
  0x000001f3c5bd4000 JavaThread "Unconstrained build operations Thread 53" [_thread_blocked, id=1964, stack(0x0000005eee300000,0x0000005eee400000)]
  0x000001f3c5bd4800 JavaThread "Unconstrained build operations Thread 54" [_thread_blocked, id=5040, stack(0x0000005eee400000,0x0000005eee500000)]
  0x000001f3c5bd6800 JavaThread "Unconstrained build operations Thread 55" [_thread_blocked, id=7808, stack(0x0000005eee500000,0x0000005eee600000)]
  0x000001f3c5bd5800 JavaThread "Unconstrained build operations Thread 56" [_thread_blocked, id=2580, stack(0x0000005eee600000,0x0000005eee700000)]
  0x000001f3c5bd0800 JavaThread "Unconstrained build operations Thread 57" [_thread_blocked, id=2104, stack(0x0000005eee700000,0x0000005eee800000)]
  0x000001f3c5bd7000 JavaThread "Unconstrained build operations Thread 58" [_thread_blocked, id=2112, stack(0x0000005eee800000,0x0000005eee900000)]
  0x000001f3c5bda800 JavaThread "Unconstrained build operations Thread 59" [_thread_blocked, id=12204, stack(0x0000005eee900000,0x0000005eeea00000)]
  0x000001f3c5bd9800 JavaThread "Unconstrained build operations Thread 60" [_thread_blocked, id=8464, stack(0x0000005eeea00000,0x0000005eeeb00000)]
  0x000001f3c5bdb000 JavaThread "Unconstrained build operations Thread 61" [_thread_blocked, id=11860, stack(0x0000005eeeb00000,0x0000005eeec00000)]
  0x000001f3c5bdc000 JavaThread "Unconstrained build operations Thread 62" [_thread_blocked, id=8492, stack(0x0000005eeec00000,0x0000005eeed00000)]
  0x000001f3c5bd8800 JavaThread "Unconstrained build operations Thread 63" [_thread_blocked, id=5008, stack(0x0000005eeed00000,0x0000005eeee00000)]
  0x000001f3c5bd8000 JavaThread "Unconstrained build operations Thread 64" [_thread_blocked, id=4876, stack(0x0000005eeee00000,0x0000005eeef00000)]
  0x000001f3c5eea000 JavaThread "Unconstrained build operations Thread 65" [_thread_blocked, id=6596, stack(0x0000005eeef00000,0x0000005eef000000)]
  0x000001f3c5eee000 JavaThread "Unconstrained build operations Thread 66" [_thread_blocked, id=4224, stack(0x0000005eef000000,0x0000005eef100000)]
  0x000001f3c5ee9000 JavaThread "Unconstrained build operations Thread 67" [_thread_blocked, id=2696, stack(0x0000005eef100000,0x0000005eef200000)]
  0x000001f3c5eea800 JavaThread "Unconstrained build operations Thread 68" [_thread_blocked, id=7660, stack(0x0000005eef200000,0x0000005eef300000)]
  0x000001f3c5eed000 JavaThread "Unconstrained build operations Thread 69" [_thread_blocked, id=6472, stack(0x0000005eef300000,0x0000005eef400000)]
  0x000001f3c5eeb800 JavaThread "Unconstrained build operations Thread 70" [_thread_blocked, id=8476, stack(0x0000005eef400000,0x0000005eef500000)]
  0x000001f3c5eec800 JavaThread "Unconstrained build operations Thread 71" [_thread_blocked, id=4436, stack(0x0000005eef500000,0x0000005eef600000)]
  0x000001f3c5ee8800 JavaThread "Unconstrained build operations Thread 72" [_thread_blocked, id=8392, stack(0x0000005eef600000,0x0000005eef700000)]
  0x000001f3c5ef1800 JavaThread "Unconstrained build operations Thread 73" [_thread_blocked, id=8096, stack(0x0000005eef700000,0x0000005eef800000)]
  0x000001f3c5ef3800 JavaThread "Unconstrained build operations Thread 74" [_thread_blocked, id=11536, stack(0x0000005eef800000,0x0000005eef900000)]
  0x000001f3c5ef4800 JavaThread "Unconstrained build operations Thread 75" [_thread_blocked, id=7052, stack(0x0000005eef900000,0x0000005eefa00000)]
  0x000001f3c5eef000 JavaThread "Unconstrained build operations Thread 76" [_thread_blocked, id=10924, stack(0x0000005eefa00000,0x0000005eefb00000)]
  0x000001f3c5ef2000 JavaThread "Unconstrained build operations Thread 77" [_thread_blocked, id=4620, stack(0x0000005eefb00000,0x0000005eefc00000)]
  0x000001f3c5ef5800 JavaThread "Unconstrained build operations Thread 78" [_thread_blocked, id=10568, stack(0x0000005eefc00000,0x0000005eefd00000)]
  0x000001f3c5ef3000 JavaThread "Unconstrained build operations Thread 79" [_thread_blocked, id=10912, stack(0x0000005eefd00000,0x0000005eefe00000)]
  0x000001f3c5eef800 JavaThread "Unconstrained build operations Thread 80" [_thread_blocked, id=10988, stack(0x0000005eefe00000,0x0000005eeff00000)]
  0x000001f3c5ef6000 JavaThread "jar transforms Thread 6" [_thread_blocked, id=9556, stack(0x0000005eeff00000,0x0000005ef0000000)]
  0x000001f3c5ef0800 JavaThread "jar transforms Thread 7" [_thread_blocked, id=1476, stack(0x0000005ef0000000,0x0000005ef0100000)]
  0x000001f3c5ef7000 JavaThread "jar transforms Thread 8" [_thread_blocked, id=10972, stack(0x0000005ef0100000,0x0000005ef0200000)]
  0x000001f3c820f800 JavaThread "build event listener" [_thread_blocked, id=2148, stack(0x0000005ef0200000,0x0000005ef0300000)]
  0x000001f3c820e000 JavaThread "Memory manager" [_thread_blocked, id=12272, stack(0x0000005ef0400000,0x0000005ef0500000)]
  0x000001f3c8211800 JavaThread "included builds" [_thread_blocked, id=11772, stack(0x0000005ef0500000,0x0000005ef0600000)]
  0x000001f3c820f000 JavaThread "Execution worker" [_thread_blocked, id=12276, stack(0x0000005ef0600000,0x0000005ef0700000)]
  0x000001f3c8212000 JavaThread "Execution worker Thread 2" [_thread_blocked, id=10716, stack(0x0000005ef0700000,0x0000005ef0800000)]
  0x000001f3c8213000 JavaThread "Execution worker Thread 3" [_thread_blocked, id=11572, stack(0x0000005ef0800000,0x0000005ef0900000)]
  0x000001f3c820d800 JavaThread "Execution worker Thread 4" [_thread_blocked, id=12280, stack(0x0000005ef0900000,0x0000005ef0a00000)]
  0x000001f3c8214000 JavaThread "Execution worker Thread 5" [_thread_blocked, id=10016, stack(0x0000005ef0a00000,0x0000005ef0b00000)]
  0x000001f3cbbcd000 JavaThread "Execution worker Thread 6" [_thread_blocked, id=6604, stack(0x0000005ef0b00000,0x0000005ef0c00000)]
  0x000001f3cbbd0800 JavaThread "Execution worker Thread 7" [_thread_blocked, id=2528, stack(0x0000005ef0c00000,0x0000005ef0d00000)]
  0x000001f3cbbcf800 JavaThread "Cache worker for execution history cache (D:\prkt_kotln\.gradle\7.5\executionHistory)" [_thread_blocked, id=1660, stack(0x0000005ef0d00000,0x0000005ef0e00000)]
  0x000001f3cbbce800 JavaThread "WorkerExecutor Queue" [_thread_blocked, id=1696, stack(0x0000005ef0300000,0x0000005ef0400000)]

Other Threads:
=>0x000001f3c2886800 VMThread "VM Thread" [stack: 0x0000005ee8000000,0x0000005ee8100000] [id=2608]
  0x000001f3c328f000 WatcherThread [stack: 0x0000005ee8a00000,0x0000005ee8b00000] [id=10592]
  0x000001f3a83ea800 GCTaskThread "GC Thread#0" [stack: 0x0000005ee7b00000,0x0000005ee7c00000] [id=4868]
  0x000001f3c3dda800 GCTaskThread "GC Thread#1" [stack: 0x0000005ee8b00000,0x0000005ee8c00000] [id=7032]
  0x000001f3c3e5f000 GCTaskThread "GC Thread#2" [stack: 0x0000005ee9100000,0x0000005ee9200000] [id=2956]
  0x000001f3c4586800 GCTaskThread "GC Thread#3" [stack: 0x0000005ee9200000,0x0000005ee9300000] [id=4372]
  0x000001f3c4587000 GCTaskThread "GC Thread#4" [stack: 0x0000005ee9300000,0x0000005ee9400000] [id=12236]
  0x000001f3c52a2800 GCTaskThread "GC Thread#5" [stack: 0x0000005ee9400000,0x0000005ee9500000] [id=5176]
  0x000001f3c52a3000 GCTaskThread "GC Thread#6" [stack: 0x0000005ee9500000,0x0000005ee9600000] [id=3828]
  0x000001f3c4bdb000 GCTaskThread "GC Thread#7" [stack: 0x0000005ee9600000,0x0000005ee9700000] [id=10196]
  0x000001f3a841c800 ConcurrentGCThread "G1 Main Marker" [stack: 0x0000005ee7c00000,0x0000005ee7d00000] [id=9988]
  0x000001f3a841e000 ConcurrentGCThread "G1 Conc#0" [stack: 0x0000005ee7d00000,0x0000005ee7e00000] [id=3044]
  0x000001f3c51e7800 ConcurrentGCThread "G1 Conc#1" [stack: 0x0000005ee9e00000,0x0000005ee9f00000] [id=6224]
  0x000001f3c26d2800 ConcurrentGCThread "G1 Refine#0" [stack: 0x0000005ee7e00000,0x0000005ee7f00000] [id=8068]
  0x000001f3d0b46000 ConcurrentGCThread "G1 Refine#1" [stack: 0x0000005ef1000000,0x0000005ef1100000] [id=11976]
  0x000001f3a84ae800 ConcurrentGCThread "G1 Young RemSet Sampling" [stack: 0x0000005ee7f00000,0x0000005ee8000000] [id=10104]

Threads with active compile tasks:
C2 CompilerThread0    37952 13078       4       jdk.internal.org.objectweb.asm.MethodWriter::visitMethodInsn (228 bytes)
C1 CompilerThread0    37952 13257       2       com.android.tools.r8.ir.regalloc.b::a (1831 bytes)

VM state:at safepoint (normal execution)

VM Mutex/Monitor currently owned by a thread:  ([mutex/lock_event])
[0x000001f3a83cdd90] Threads_lock - owner thread: 0x000001f3c2886800
[0x000001f3a83ced50] Heap_lock - owner thread: 0x000001f3c5ef5800

Heap address: 0x0000000080000000, size: 2048 MB, Compressed Oops mode: 32-bit
Narrow klass base: 0x0000000000000000, Narrow klass shift: 3
Compressed class space size: 1073741824 Address: 0x0000000100000000

Heap:
 garbage-first heap   total 335872K, used 133995K [0x0000000080000000, 0x0000000100000000)
  region size 1024K, 2 young (2048K), 2 survivors (2048K)
 Metaspace       used 106348K, capacity 109083K, committed 109340K, reserved 1144832K
  class space    used 13835K, capacity 14903K, committed 14956K, reserved 1048576K
Heap Regions: E=young(eden), S=young(survivor), O=old, HS=humongous(starts), HC=humongous(continues), CS=collection set, F=free, A=archive, TAMS=top-at-mark-start (previous, next)
|   0|0x0000000080000000, 0x0000000080100000, 0x0000000080100000|100%| O|  |TAMS 0x0000000080100000, 0x0000000080000000| Untracked 
|   1|0x0000000080100000, 0x0000000080200000, 0x0000000080200000|100%| O|  |TAMS 0x0000000080200000, 0x0000000080100000| Untracked 
|   2|0x0000000080200000, 0x0000000080300000, 0x0000000080300000|100%| O|  |TAMS 0x0000000080300000, 0x0000000080200000| Untracked 
|   3|0x0000000080300000, 0x0000000080400000, 0x0000000080400000|100%|HS|  |TAMS 0x0000000080400000, 0x0000000080300000| Complete 
|   4|0x0000000080400000, 0x0000000080500000, 0x0000000080500000|100%|HC|  |TAMS 0x0000000080500000, 0x0000000080400000| Complete 
|   5|0x0000000080500000, 0x0000000080600000, 0x0000000080600000|100%|HC|  |TAMS 0x0000000080600000, 0x0000000080500000| Complete 
|   6|0x0000000080600000, 0x0000000080700000, 0x0000000080700000|100%| O|  |TAMS 0x0000000080700000, 0x0000000080600000| Untracked 
|   7|0x0000000080700000, 0x0000000080800000, 0x0000000080800000|100%| O|  |TAMS 0x0000000080800000, 0x0000000080700000| Untracked 
|   8|0x0000000080800000, 0x0000000080900000, 0x0000000080900000|100%| O|  |TAMS 0x0000000080900000, 0x0000000080800000| Untracked 
|   9|0x0000000080900000, 0x0000000080a00000, 0x0000000080a00000|100%| O|  |TAMS 0x0000000080a00000, 0x0000000080900000| Untracked 
|  10|0x0000000080a00000, 0x0000000080b00000, 0x0000000080b00000|100%| O|  |TAMS 0x0000000080b00000, 0x0000000080a00000| Untracked 
|  11|0x0000000080b00000, 0x0000000080c00000, 0x0000000080c00000|100%| O|  |TAMS 0x0000000080c00000, 0x0000000080b00000| Untracked 
|  12|0x0000000080c00000, 0x0000000080d00000, 0x0000000080d00000|100%| O|  |TAMS 0x0000000080d00000, 0x0000000080c00000| Untracked 
|  13|0x0000000080d00000, 0x0000000080e00000, 0x0000000080e00000|100%| O|  |TAMS 0x0000000080e00000, 0x0000000080d00000| Untracked 
|  14|0x0000000080e00000, 0x0000000080f00000, 0x0000000080f00000|100%| O|  |TAMS 0x0000000080f00000, 0x0000000080e00000| Untracked 
|  15|0x0000000080f00000, 0x0000000081000000, 0x0000000081000000|100%| O|  |TAMS 0x0000000081000000, 0x0000000080f00000| Untracked 
|  16|0x0000000081000000, 0x0000000081100000, 0x0000000081100000|100%| O|  |TAMS 0x0000000081100000, 0x0000000081000000| Untracked 
|  17|0x0000000081100000, 0x0000000081200000, 0x0000000081200000|100%| O|  |TAMS 0x0000000081200000, 0x0000000081100000| Untracked 
|  18|0x0000000081200000, 0x0000000081300000, 0x0000000081300000|100%| O|  |TAMS 0x0000000081300000, 0x0000000081200000| Untracked 
|  19|0x0000000081300000, 0x0000000081400000, 0x0000000081400000|100%| O|  |TAMS 0x0000000081400000, 0x0000000081300000| Untracked 
|  20|0x0000000081400000, 0x0000000081500000, 0x0000000081500000|100%| O|  |TAMS 0x0000000081500000, 0x0000000081400000| Untracked 
|  21|0x0000000081500000, 0x0000000081600000, 0x0000000081600000|100%| O|  |TAMS 0x0000000081600000, 0x0000000081500000| Untracked 
|  22|0x0000000081600000, 0x0000000081700000, 0x0000000081700000|100%| O|  |TAMS 0x0000000081700000, 0x0000000081600000| Untracked 
|  23|0x0000000081700000, 0x0000000081800000, 0x0000000081800000|100%| O|  |TAMS 0x0000000081800000, 0x0000000081700000| Untracked 
|  24|0x0000000081800000, 0x0000000081900000, 0x0000000081900000|100%| O|  |TAMS 0x0000000081900000, 0x0000000081800000| Untracked 
|  25|0x0000000081900000, 0x0000000081a00000, 0x0000000081a00000|100%| O|  |TAMS 0x0000000081a00000, 0x0000000081900000| Untracked 
|  26|0x0000000081a00000, 0x0000000081b00000, 0x0000000081b00000|100%| O|  |TAMS 0x0000000081b00000, 0x0000000081a00000| Untracked 
|  27|0x0000000081b00000, 0x0000000081c00000, 0x0000000081c00000|100%| O|  |TAMS 0x0000000081c00000, 0x0000000081b00000| Untracked 
|  28|0x0000000081c00000, 0x0000000081d00000, 0x0000000081d00000|100%| O|  |TAMS 0x0000000081d00000, 0x0000000081c00000| Untracked 
|  29|0x0000000081d00000, 0x0000000081e00000, 0x0000000081e00000|100%|HS|  |TAMS 0x0000000081e00000, 0x0000000081d00000| Complete 
|  30|0x0000000081e00000, 0x0000000081f00000, 0x0000000081f00000|100%|HS|  |TAMS 0x0000000081f00000, 0x0000000081e00000| Complete 
|  31|0x0000000081f00000, 0x0000000082000000, 0x0000000082000000|100%|HC|  |TAMS 0x0000000082000000, 0x0000000081f00000| Complete 
|  32|0x0000000082000000, 0x0000000082100000, 0x0000000082100000|100%|HS|  |TAMS 0x0000000082100000, 0x0000000082000000| Complete 
|  33|0x0000000082100000, 0x0000000082200000, 0x0000000082200000|100%|HS|  |TAMS 0x0000000082200000, 0x0000000082100000| Complete 
|  34|0x0000000082200000, 0x0000000082300000, 0x0000000082300000|100%|HC|  |TAMS 0x0000000082300000, 0x0000000082200000| Complete 
|  35|0x0000000082300000, 0x0000000082400000, 0x0000000082400000|100%|HC|  |TAMS 0x0000000082400000, 0x0000000082300000| Complete 
|  36|0x0000000082400000, 0x0000000082500000, 0x0000000082500000|100%|HC|  |TAMS 0x0000000082500000, 0x0000000082400000| Complete 
|  37|0x0000000082500000, 0x0000000082600000, 0x0000000082600000|100%| O|  |TAMS 0x0000000082600000, 0x0000000082500000| Untracked 
|  38|0x0000000082600000, 0x0000000082700000, 0x0000000082700000|100%| O|  |TAMS 0x0000000082700000, 0x0000000082600000| Untracked 
|  39|0x0000000082700000, 0x0000000082800000, 0x0000000082800000|100%| O|  |TAMS 0x0000000082800000, 0x0000000082700000| Untracked 
|  40|0x0000000082800000, 0x0000000082900000, 0x0000000082900000|100%| O|  |TAMS 0x0000000082900000, 0x0000000082800000| Untracked 
|  41|0x0000000082900000, 0x0000000082a00000, 0x0000000082a00000|100%| O|  |TAMS 0x0000000082a00000, 0x0000000082900000| Untracked 
|  42|0x0000000082a00000, 0x0000000082b00000, 0x0000000082b00000|100%| O|  |TAMS 0x0000000082b00000, 0x0000000082a00000| Untracked 
|  43|0x0000000082b00000, 0x0000000082c00000, 0x0000000082c00000|100%| O|  |TAMS 0x0000000082c00000, 0x0000000082b00000| Untracked 
|  44|0x0000000082c00000, 0x0000000082d00000, 0x0000000082d00000|100%| O|  |TAMS 0x0000000082d00000, 0x0000000082c00000| Untracked 
|  45|0x0000000082d00000, 0x0000000082e00000, 0x0000000082e00000|100%| O|  |TAMS 0x0000000082e00000, 0x0000000082d00000| Untracked 
|  46|0x0000000082e00000, 0x0000000082f00000, 0x0000000082f00000|100%| O|  |TAMS 0x0000000082f00000, 0x0000000082e00000| Untracked 
|  47|0x0000000082f00000, 0x0000000083000000, 0x0000000083000000|100%| O|  |TAMS 0x0000000083000000, 0x0000000082f00000| Untracked 
|  48|0x0000000083000000, 0x0000000083100000, 0x0000000083100000|100%| O|  |TAMS 0x0000000083100000, 0x0000000083000000| Untracked 
|  49|0x0000000083100000, 0x0000000083200000, 0x0000000083200000|100%| O|  |TAMS 0x0000000083200000, 0x0000000083100000| Untracked 
|  50|0x0000000083200000, 0x0000000083300000, 0x0000000083300000|100%| O|  |TAMS 0x0000000083300000, 0x0000000083200000| Untracked 
|  51|0x0000000083300000, 0x0000000083400000, 0x0000000083400000|100%| O|  |TAMS 0x0000000083400000, 0x0000000083300000| Untracked 
|  52|0x0000000083400000, 0x0000000083500000, 0x0000000083500000|100%| O|  |TAMS 0x0000000083500000, 0x0000000083400000| Untracked 
|  53|0x0000000083500000, 0x0000000083600000, 0x0000000083600000|100%| O|  |TAMS 0x0000000083600000, 0x0000000083500000| Untracked 
|  54|0x0000000083600000, 0x0000000083700000, 0x0000000083700000|100%| O|  |TAMS 0x0000000083700000, 0x0000000083600000| Untracked 
|  55|0x0000000083700000, 0x0000000083800000, 0x0000000083800000|100%| O|  |TAMS 0x0000000083800000, 0x0000000083700000| Untracked 
|  56|0x0000000083800000, 0x0000000083900000, 0x0000000083900000|100%| O|  |TAMS 0x0000000083900000, 0x0000000083800000| Untracked 
|  57|0x0000000083900000, 0x0000000083a00000, 0x0000000083a00000|100%| O|  |TAMS 0x0000000083a00000, 0x0000000083900000| Untracked 
|  58|0x0000000083a00000, 0x0000000083b00000, 0x0000000083b00000|100%| O|  |TAMS 0x0000000083b00000, 0x0000000083a00000| Untracked 
|  59|0x0000000083b00000, 0x0000000083c00000, 0x0000000083c00000|100%| O|  |TAMS 0x0000000083c00000, 0x0000000083b00000| Untracked 
|  60|0x0000000083c00000, 0x0000000083d00000, 0x0000000083d00000|100%| O|  |TAMS 0x0000000083d00000, 0x0000000083c00000| Untracked 
|  61|0x0000000083d00000, 0x0000000083e00000, 0x0000000083e00000|100%| O|  |TAMS 0x0000000083e00000, 0x0000000083d00000| Untracked 
|  62|0x0000000083e00000, 0x0000000083f00000, 0x0000000083f00000|100%| O|  |TAMS 0x0000000083f00000, 0x0000000083e00000| Untracked 
|  63|0x0000000083f00000, 0x0000000084000000, 0x0000000084000000|100%| O|  |TAMS 0x0000000084000000, 0x0000000083f00000| Untracked 
|  64|0x0000000084000000, 0x0000000084100000, 0x0000000084100000|100%| O|  |TAMS 0x0000000084100000, 0x0000000084000000| Untracked 
|  65|0x0000000084100000, 0x0000000084200000, 0x0000000084200000|100%| O|  |TAMS 0x0000000084200000, 0x0000000084100000| Untracked 
|  66|0x0000000084200000, 0x0000000084300000, 0x0000000084300000|100%| O|  |TAMS 0x0000000084300000, 0x0000000084200000| Untracked 
|  67|0x0000000084300000, 0x0000000084400000, 0x0000000084400000|100%| O|  |TAMS 0x0000000084400000, 0x0000000084300000| Untracked 
|  68|0x0000000084400000, 0x0000000084500000, 0x0000000084500000|100%| O|  |TAMS 0x0000000084500000, 0x0000000084400000| Untracked 
|  69|0x0000000084500000, 0x0000000084600000, 0x0000000084600000|100%| O|  |TAMS 0x0000000084600000, 0x0000000084500000| Untracked 
|  70|0x0000000084600000, 0x0000000084700000, 0x0000000084700000|100%| O|  |TAMS 0x0000000084700000, 0x0000000084600000| Untracked 
|  71|0x0000000084700000, 0x0000000084800000, 0x0000000084800000|100%| O|  |TAMS 0x0000000084800000, 0x0000000084700000| Untracked 
|  72|0x0000000084800000, 0x0000000084900000, 0x0000000084900000|100%| O|  |TAMS 0x0000000084900000, 0x0000000084800000| Untracked 
|  73|0x0000000084900000, 0x0000000084a00000, 0x0000000084a00000|100%| O|  |TAMS 0x0000000084a00000, 0x0000000084900000| Untracked 
|  74|0x0000000084a00000, 0x0000000084b00000, 0x0000000084b00000|100%| O|  |TAMS 0x0000000084b00000, 0x0000000084a00000| Untracked 
|  75|0x0000000084b00000, 0x0000000084c00000, 0x0000000084c00000|100%| O|  |TAMS 0x0000000084c00000, 0x0000000084b00000| Untracked 
|  76|0x0000000084c00000, 0x0000000084d00000, 0x0000000084d00000|100%| O|  |TAMS 0x0000000084d00000, 0x0000000084c00000| Untracked 
|  77|0x0000000084d00000, 0x0000000084e00000, 0x0000000084e00000|100%| O|  |TAMS 0x0000000084e00000, 0x0000000084d00000| Untracked 
|  78|0x0000000084e00000, 0x0000000084f00000, 0x0000000084f00000|100%| O|  |TAMS 0x0000000084f00000, 0x0000000084e00000| Untracked 
|  79|0x0000000084f00000, 0x0000000085000000, 0x0000000085000000|100%| O|  |TAMS 0x0000000085000000, 0x0000000084f00000| Untracked 
|  80|0x0000000085000000, 0x0000000085100000, 0x0000000085100000|100%| O|  |TAMS 0x0000000085100000, 0x0000000085000000| Untracked 
|  81|0x0000000085100000, 0x0000000085200000, 0x0000000085200000|100%| O|  |TAMS 0x0000000085200000, 0x0000000085100000| Untracked 
|  82|0x0000000085200000, 0x0000000085300000, 0x0000000085300000|100%| O|  |TAMS 0x0000000085300000, 0x0000000085200000| Untracked 
|  83|0x0000000085300000, 0x0000000085400000, 0x0000000085400000|100%| O|  |TAMS 0x0000000085400000, 0x0000000085300000| Untracked 
|  84|0x0000000085400000, 0x0000000085500000, 0x0000000085500000|100%| O|  |TAMS 0x0000000085500000, 0x0000000085400000| Untracked 
|  85|0x0000000085500000, 0x0000000085600000, 0x0000000085600000|100%| O|  |TAMS 0x0000000085600000, 0x0000000085500000| Untracked 
|  86|0x0000000085600000, 0x0000000085700000, 0x0000000085700000|100%| O|  |TAMS 0x0000000085700000, 0x0000000085600000| Untracked 
|  87|0x0000000085700000, 0x0000000085800000, 0x0000000085800000|100%| O|  |TAMS 0x0000000085800000, 0x0000000085700000| Untracked 
|  88|0x0000000085800000, 0x0000000085900000, 0x0000000085900000|100%| O|  |TAMS 0x0000000085900000, 0x0000000085800000| Untracked 
|  89|0x0000000085900000, 0x0000000085a00000, 0x0000000085a00000|100%| O|  |TAMS 0x0000000085a00000, 0x0000000085900000| Untracked 
|  90|0x0000000085a00000, 0x0000000085b00000, 0x0000000085b00000|100%| O|  |TAMS 0x0000000085b00000, 0x0000000085a00000| Untracked 
|  91|0x0000000085b00000, 0x0000000085c00000, 0x0000000085c00000|100%| O|  |TAMS 0x0000000085c00000, 0x0000000085b00000| Untracked 
|  92|0x0000000085c00000, 0x0000000085d00000, 0x0000000085d00000|100%| O|  |TAMS 0x0000000085d00000, 0x0000000085c00000| Untracked 
|  93|0x0000000085d00000, 0x0000000085e00000, 0x0000000085e00000|100%|HS|  |TAMS 0x0000000085e00000, 0x0000000085d00000| Complete 
|  94|0x0000000085e00000, 0x0000000085f00000, 0x0000000085f00000|100%| O|  |TAMS 0x0000000085f00000, 0x0000000085e00000| Untracked 
|  95|0x0000000085f00000, 0x0000000086000000, 0x0000000086000000|100%| O|  |TAMS 0x0000000086000000, 0x0000000085f00000| Untracked 
|  96|0x0000000086000000, 0x0000000086100000, 0x0000000086100000|100%| O|  |TAMS 0x0000000086100000, 0x0000000086000000| Untracked 
|  97|0x0000000086100000, 0x0000000086200000, 0x0000000086200000|100%| O|  |TAMS 0x0000000086200000, 0x0000000086100000| Untracked 
|  98|0x0000000086200000, 0x0000000086300000, 0x0000000086300000|100%| O|  |TAMS 0x0000000086300000, 0x0000000086200000| Untracked 
|  99|0x0000000086300000, 0x0000000086400000, 0x0000000086400000|100%| O|  |TAMS 0x0000000086400000, 0x0000000086300000| Untracked 
| 100|0x0000000086400000, 0x0000000086500000, 0x0000000086500000|100%| O|  |TAMS 0x0000000086500000, 0x0000000086400000| Untracked 
| 101|0x0000000086500000, 0x0000000086600000, 0x0000000086600000|100%| O|  |TAMS 0x0000000086600000, 0x0000000086500000| Untracked 
| 102|0x0000000086600000, 0x0000000086700000, 0x0000000086700000|100%| O|  |TAMS 0x0000000086700000, 0x0000000086600000| Untracked 
| 103|0x0000000086700000, 0x0000000086800000, 0x0000000086800000|100%| O|  |TAMS 0x0000000086800000, 0x0000000086700000| Untracked 
| 104|0x0000000086800000, 0x0000000086900000, 0x0000000086900000|100%| O|  |TAMS 0x0000000086900000, 0x0000000086800000| Untracked 
| 105|0x0000000086900000, 0x0000000086a00000, 0x0000000086a00000|100%| O|  |TAMS 0x0000000086a00000, 0x0000000086900000| Untracked 
| 106|0x0000000086a00000, 0x0000000086b00000, 0x0000000086b00000|100%| O|  |TAMS 0x0000000086b00000, 0x0000000086a00000| Untracked 
| 107|0x0000000086b00000, 0x0000000086c00000, 0x0000000086c00000|100%| O|  |TAMS 0x0000000086c00000, 0x0000000086b00000| Untracked 
| 108|0x0000000086c00000, 0x0000000086d00000, 0x0000000086d00000|100%| O|  |TAMS 0x0000000086d00000, 0x0000000086c00000| Untracked 
| 109|0x0000000086d00000, 0x0000000086e00000, 0x0000000086e00000|100%| O|  |TAMS 0x0000000086e00000, 0x0000000086d00000| Untracked 
| 110|0x0000000086e00000, 0x0000000086f00000, 0x0000000086f00000|100%| O|  |TAMS 0x0000000086f00000, 0x0000000086e00000| Untracked 
| 111|0x0000000086f00000, 0x0000000087000000, 0x0000000087000000|100%| O|  |TAMS 0x0000000087000000, 0x0000000086f00000| Untracked 
| 112|0x0000000087000000, 0x0000000087100000, 0x0000000087100000|100%| O|  |TAMS 0x0000000087100000, 0x0000000087000000| Untracked 
| 113|0x0000000087100000, 0x0000000087200000, 0x0000000087200000|100%| O|  |TAMS 0x0000000087170e00, 0x0000000087100000| Untracked 
| 114|0x0000000087200000, 0x0000000087300000, 0x0000000087300000|100%| O|  |TAMS 0x0000000087200000, 0x0000000087200000| Untracked 
| 115|0x0000000087300000, 0x0000000087400000, 0x0000000087400000|100%| O|  |TAMS 0x0000000087300000, 0x0000000087300000| Untracked 
| 116|0x0000000087400000, 0x0000000087500000, 0x0000000087500000|100%| O|  |TAMS 0x0000000087400000, 0x0000000087400000| Untracked 
| 117|0x0000000087500000, 0x0000000087600000, 0x0000000087600000|100%| O|  |TAMS 0x0000000087500000, 0x0000000087500000| Untracked 
| 118|0x0000000087600000, 0x0000000087700000, 0x0000000087700000|100%| O|  |TAMS 0x0000000087600000, 0x0000000087600000| Untracked 
| 119|0x0000000087700000, 0x0000000087800000, 0x0000000087800000|100%| O|  |TAMS 0x0000000087700000, 0x0000000087700000| Untracked 
| 120|0x0000000087800000, 0x0000000087900000, 0x0000000087900000|100%| O|  |TAMS 0x0000000087800000, 0x0000000087800000| Untracked 
| 121|0x0000000087900000, 0x0000000087a00000, 0x0000000087a00000|100%| O|  |TAMS 0x0000000087900000, 0x0000000087900000| Untracked 
| 122|0x0000000087a00000, 0x0000000087b00000, 0x0000000087b00000|100%| O|  |TAMS 0x0000000087a00000, 0x0000000087a00000| Untracked 
| 123|0x0000000087b00000, 0x0000000087c00000, 0x0000000087c00000|100%| O|  |TAMS 0x0000000087b00000, 0x0000000087b00000| Untracked 
| 124|0x0000000087c00000, 0x0000000087d00000, 0x0000000087d00000|100%| O|  |TAMS 0x0000000087c00000, 0x0000000087c00000| Untracked 
| 125|0x0000000087d00000, 0x0000000087e00000, 0x0000000087e00000|100%| O|  |TAMS 0x0000000087d00000, 0x0000000087d00000| Untracked 
| 126|0x0000000087e00000, 0x0000000087f00000, 0x0000000087f00000|100%| O|  |TAMS 0x0000000087e00000, 0x0000000087e00000| Untracked 
| 127|0x0000000087f00000, 0x0000000088000000, 0x0000000088000000|100%| O|  |TAMS 0x0000000087f00000, 0x0000000087f00000| Untracked 
| 128|0x0000000088000000, 0x0000000088100000, 0x0000000088100000|100%| O|  |TAMS 0x0000000088000000, 0x0000000088000000| Untracked 
| 129|0x0000000088100000, 0x0000000088165600, 0x0000000088200000| 39%| O|  |TAMS 0x0000000088100000, 0x0000000088100000| Untracked 
| 130|0x0000000088200000, 0x0000000088200000, 0x0000000088300000|  0%| F|  |TAMS 0x0000000088200000, 0x0000000088200000| Untracked 
| 131|0x0000000088300000, 0x0000000088300000, 0x0000000088400000|  0%| F|  |TAMS 0x0000000088300000, 0x0000000088300000| Untracked 
| 132|0x0000000088400000, 0x0000000088400000, 0x0000000088500000|  0%| F|  |TAMS 0x0000000088400000, 0x0000000088400000| Untracked 
| 133|0x0000000088500000, 0x0000000088500000, 0x0000000088600000|  0%| F|  |TAMS 0x0000000088500000, 0x0000000088500000| Untracked 
| 134|0x0000000088600000, 0x0000000088600000, 0x0000000088700000|  0%| F|  |TAMS 0x0000000088600000, 0x0000000088600000| Untracked 
| 135|0x0000000088700000, 0x0000000088700000, 0x0000000088800000|  0%| F|  |TAMS 0x0000000088700000, 0x0000000088700000| Untracked 
| 136|0x0000000088800000, 0x0000000088800000, 0x0000000088900000|  0%| F|  |TAMS 0x0000000088800000, 0x0000000088800000| Untracked 
| 137|0x0000000088900000, 0x0000000088900000, 0x0000000088a00000|  0%| F|  |TAMS 0x0000000088900000, 0x0000000088900000| Untracked 
| 138|0x0000000088a00000, 0x0000000088a00000, 0x0000000088b00000|  0%| F|  |TAMS 0x0000000088a00000, 0x0000000088a00000| Untracked 
| 139|0x0000000088b00000, 0x0000000088b00000, 0x0000000088c00000|  0%| F|  |TAMS 0x0000000088b00000, 0x0000000088b00000| Untracked 
| 140|0x0000000088c00000, 0x0000000088c00000, 0x0000000088d00000|  0%| F|  |TAMS 0x0000000088c00000, 0x0000000088c00000| Untracked 
| 141|0x0000000088d00000, 0x0000000088d00000, 0x0000000088e00000|  0%| F|  |TAMS 0x0000000088d00000, 0x0000000088d00000| Untracked 
| 142|0x0000000088e00000, 0x0000000088e00000, 0x0000000088f00000|  0%| F|  |TAMS 0x0000000088e00000, 0x0000000088e00000| Untracked 
| 143|0x0000000088f00000, 0x0000000088f00000, 0x0000000089000000|  0%| F|  |TAMS 0x0000000088f00000, 0x0000000088f00000| Untracked 
| 144|0x0000000089000000, 0x0000000089000000, 0x0000000089100000|  0%| F|  |TAMS 0x0000000089000000, 0x0000000089000000| Untracked 
| 145|0x0000000089100000, 0x0000000089100000, 0x0000000089200000|  0%| F|  |TAMS 0x0000000089100000, 0x0000000089100000| Untracked 
| 146|0x0000000089200000, 0x0000000089200000, 0x0000000089300000|  0%| F|  |TAMS 0x0000000089200000, 0x0000000089200000| Untracked 
| 147|0x0000000089300000, 0x0000000089300000, 0x0000000089400000|  0%| F|  |TAMS 0x0000000089300000, 0x0000000089300000| Untracked 
| 148|0x0000000089400000, 0x0000000089400000, 0x0000000089500000|  0%| F|  |TAMS 0x0000000089400000, 0x0000000089400000| Untracked 
| 149|0x0000000089500000, 0x0000000089500000, 0x0000000089600000|  0%| F|  |TAMS 0x0000000089500000, 0x0000000089500000| Untracked 
| 150|0x0000000089600000, 0x0000000089600000, 0x0000000089700000|  0%| F|  |TAMS 0x0000000089600000, 0x0000000089600000| Untracked 
| 151|0x0000000089700000, 0x0000000089700000, 0x0000000089800000|  0%| F|  |TAMS 0x0000000089700000, 0x0000000089700000| Untracked 
| 152|0x0000000089800000, 0x0000000089800000, 0x0000000089900000|  0%| F|  |TAMS 0x0000000089800000, 0x0000000089800000| Untracked 
| 153|0x0000000089900000, 0x0000000089900000, 0x0000000089a00000|  0%| F|  |TAMS 0x0000000089900000, 0x0000000089900000| Untracked 
| 154|0x0000000089a00000, 0x0000000089a00000, 0x0000000089b00000|  0%| F|  |TAMS 0x0000000089a00000, 0x0000000089a00000| Untracked 
| 155|0x0000000089b00000, 0x0000000089b00000, 0x0000000089c00000|  0%| F|  |TAMS 0x0000000089b00000, 0x0000000089b00000| Untracked 
| 156|0x0000000089c00000, 0x0000000089c00000, 0x0000000089d00000|  0%| F|  |TAMS 0x0000000089c00000, 0x0000000089c00000| Untracked 
| 157|0x0000000089d00000, 0x0000000089d00000, 0x0000000089e00000|  0%| F|  |TAMS 0x0000000089d00000, 0x0000000089d00000| Untracked 
| 158|0x0000000089e00000, 0x0000000089e00000, 0x0000000089f00000|  0%| F|  |TAMS 0x0000000089e00000, 0x0000000089e00000| Untracked 
| 159|0x0000000089f00000, 0x0000000089f00000, 0x000000008a000000|  0%| F|  |TAMS 0x0000000089f00000, 0x0000000089f00000| Untracked 
| 160|0x000000008a000000, 0x000000008a000000, 0x000000008a100000|  0%| F|  |TAMS 0x000000008a000000, 0x000000008a000000| Untracked 
| 161|0x000000008a100000, 0x000000008a100000, 0x000000008a200000|  0%| F|  |TAMS 0x000000008a100000, 0x000000008a100000| Untracked 
| 162|0x000000008a200000, 0x000000008a200000, 0x000000008a300000|  0%| F|  |TAMS 0x000000008a200000, 0x000000008a200000| Untracked 
| 163|0x000000008a300000, 0x000000008a300000, 0x000000008a400000|  0%| F|  |TAMS 0x000000008a300000, 0x000000008a300000| Untracked 
| 164|0x000000008a400000, 0x000000008a400000, 0x000000008a500000|  0%| F|  |TAMS 0x000000008a400000, 0x000000008a400000| Untracked 
| 165|0x000000008a500000, 0x000000008a575708, 0x000000008a600000| 45%| S|CS|TAMS 0x000000008a500000, 0x000000008a500000| Complete 
| 166|0x000000008a600000, 0x000000008a700000, 0x000000008a700000|100%| S|CS|TAMS 0x000000008a600000, 0x000000008a600000| Complete 
| 167|0x000000008a700000, 0x000000008a700000, 0x000000008a800000|  0%| F|  |TAMS 0x000000008a700000, 0x000000008a700000| Untracked 
| 168|0x000000008a800000, 0x000000008a800000, 0x000000008a900000|  0%| F|  |TAMS 0x000000008a800000, 0x000000008a800000| Untracked 
| 169|0x000000008a900000, 0x000000008a900000, 0x000000008aa00000|  0%| F|  |TAMS 0x000000008a900000, 0x000000008a900000| Untracked 
| 170|0x000000008aa00000, 0x000000008aa00000, 0x000000008ab00000|  0%| F|  |TAMS 0x000000008aa00000, 0x000000008aa00000| Untracked 
| 171|0x000000008ab00000, 0x000000008ab00000, 0x000000008ac00000|  0%| F|  |TAMS 0x000000008ab00000, 0x000000008ab00000| Untracked 
| 172|0x000000008ac00000, 0x000000008ac00000, 0x000000008ad00000|  0%| F|  |TAMS 0x000000008ac00000, 0x000000008ac00000| Untracked 
| 173|0x000000008ad00000, 0x000000008ad00000, 0x000000008ae00000|  0%| F|  |TAMS 0x000000008ad00000, 0x000000008ad00000| Untracked 
| 174|0x000000008ae00000, 0x000000008ae00000, 0x000000008af00000|  0%| F|  |TAMS 0x000000008ae00000, 0x000000008ae00000| Untracked 
| 175|0x000000008af00000, 0x000000008af00000, 0x000000008b000000|  0%| F|  |TAMS 0x000000008af00000, 0x000000008af00000| Untracked 
| 176|0x000000008b000000, 0x000000008b000000, 0x000000008b100000|  0%| F|  |TAMS 0x000000008b000000, 0x000000008b000000| Untracked 
| 177|0x000000008b100000, 0x000000008b100000, 0x000000008b200000|  0%| F|  |TAMS 0x000000008b100000, 0x000000008b100000| Untracked 
| 178|0x000000008b200000, 0x000000008b200000, 0x000000008b300000|  0%| F|  |TAMS 0x000000008b200000, 0x000000008b200000| Untracked 
| 179|0x000000008b300000, 0x000000008b300000, 0x000000008b400000|  0%| F|  |TAMS 0x000000008b300000, 0x000000008b300000| Untracked 
| 180|0x000000008b400000, 0x000000008b400000, 0x000000008b500000|  0%| F|  |TAMS 0x000000008b400000, 0x000000008b400000| Untracked 
| 181|0x000000008b500000, 0x000000008b500000, 0x000000008b600000|  0%| F|  |TAMS 0x000000008b500000, 0x000000008b500000| Untracked 
| 182|0x000000008b600000, 0x000000008b600000, 0x000000008b700000|  0%| F|  |TAMS 0x000000008b600000, 0x000000008b600000| Untracked 
| 183|0x000000008b700000, 0x000000008b700000, 0x000000008b800000|  0%| F|  |TAMS 0x000000008b700000, 0x000000008b700000| Untracked 
| 184|0x000000008b800000, 0x000000008b800000, 0x000000008b900000|  0%| F|  |TAMS 0x000000008b800000, 0x000000008b800000| Untracked 
| 185|0x000000008b900000, 0x000000008b900000, 0x000000008ba00000|  0%| F|  |TAMS 0x000000008b900000, 0x000000008b900000| Untracked 
| 186|0x000000008ba00000, 0x000000008ba00000, 0x000000008bb00000|  0%| F|  |TAMS 0x000000008ba00000, 0x000000008ba00000| Untracked 
| 187|0x000000008bb00000, 0x000000008bb00000, 0x000000008bc00000|  0%| F|  |TAMS 0x000000008bb00000, 0x000000008bb00000| Untracked 
| 188|0x000000008bc00000, 0x000000008bc00000, 0x000000008bd00000|  0%| F|  |TAMS 0x000000008bc00000, 0x000000008bc00000| Untracked 
| 189|0x000000008bd00000, 0x000000008bd00000, 0x000000008be00000|  0%| F|  |TAMS 0x000000008bd00000, 0x000000008bd00000| Untracked 
| 190|0x000000008be00000, 0x000000008be00000, 0x000000008bf00000|  0%| F|  |TAMS 0x000000008be00000, 0x000000008be00000| Untracked 
| 191|0x000000008bf00000, 0x000000008bf00000, 0x000000008c000000|  0%| F|  |TAMS 0x000000008bf00000, 0x000000008bf00000| Untracked 
| 192|0x000000008c000000, 0x000000008c000000, 0x000000008c100000|  0%| F|  |TAMS 0x000000008c000000, 0x000000008c000000| Untracked 
| 193|0x000000008c100000, 0x000000008c100000, 0x000000008c200000|  0%| F|  |TAMS 0x000000008c100000, 0x000000008c100000| Untracked 
| 194|0x000000008c200000, 0x000000008c200000, 0x000000008c300000|  0%| F|  |TAMS 0x000000008c200000, 0x000000008c200000| Untracked 
| 195|0x000000008c300000, 0x000000008c300000, 0x000000008c400000|  0%| F|  |TAMS 0x000000008c300000, 0x000000008c300000| Untracked 
| 196|0x000000008c400000, 0x000000008c400000, 0x000000008c500000|  0%| F|  |TAMS 0x000000008c400000, 0x000000008c400000| Untracked 
| 197|0x000000008c500000, 0x000000008c500000, 0x000000008c600000|  0%| F|  |TAMS 0x000000008c500000, 0x000000008c500000| Untracked 
| 198|0x000000008c600000, 0x000000008c600000, 0x000000008c700000|  0%| F|  |TAMS 0x000000008c600000, 0x000000008c600000| Untracked 
| 199|0x000000008c700000, 0x000000008c700000, 0x000000008c800000|  0%| F|  |TAMS 0x000000008c700000, 0x000000008c700000| Untracked 
| 200|0x000000008c800000, 0x000000008c800000, 0x000000008c900000|  0%| F|  |TAMS 0x000000008c800000, 0x000000008c800000| Untracked 
| 201|0x000000008c900000, 0x000000008c900000, 0x000000008ca00000|  0%| F|  |TAMS 0x000000008c900000, 0x000000008c900000| Untracked 

Card table byte_map: [0x000001f3bb630000,0x000001f3bba30000] _byte_map_base: 0x000001f3bb230000

Marking Bits (Prev, Next): (CMBitMap*) 0x000001f3a8413d88, (CMBitMap*) 0x000001f3a8413dc0
 Prev Bits: [0x000001f3bbe30000, 0x000001f3bde30000)
 Next Bits: [0x000001f3bde30000, 0x000001f3bfe30000)

Polling page: 0x000001f3a63e0000

Metaspace:

Usage:
  Non-class:     91.97 MB capacity,    90.35 MB ( 98%) used,     1.29 MB (  1%) free+waste,   341.50 KB ( <1%) overhead. 
      Class:     14.55 MB capacity,    13.51 MB ( 93%) used,   913.37 KB (  6%) free+waste,   154.44 KB (  1%) overhead. 
       Both:    106.53 MB capacity,   103.86 MB ( 97%) used,     2.19 MB (  2%) free+waste,   495.94 KB ( <1%) overhead. 

Virtual space:
  Non-class space:       94.00 MB reserved,      92.17 MB ( 98%) committed 
      Class space:        1.00 GB reserved,      14.61 MB (  1%) committed 
             Both:        1.09 GB reserved,     106.78 MB ( 10%) committed 

Chunk freelists:
   Non-Class:  12.00 KB
       Class:  9.00 KB
        Both:  21.00 KB

MaxMetaspaceSize: 17179869184.00 GB
CompressedClassSpaceSize: 1.00 GB
Initial GC threshold: 20.80 MB
Current GC threshold: 170.67 MB
CDS: off

CodeHeap 'non-profiled nmethods': size=120000Kb used=6973Kb max_used=6973Kb free=113026Kb
 bounds [0x000001f3b39d0000, 0x000001f3b40a0000, 0x000001f3baf00000]
CodeHeap 'profiled nmethods': size=120000Kb used=28464Kb max_used=28464Kb free=91535Kb
 bounds [0x000001f3ac4a0000, 0x000001f3ae070000, 0x000001f3b39d0000]
CodeHeap 'non-nmethods': size=5760Kb used=2414Kb max_used=2457Kb free=3345Kb
 bounds [0x000001f3abf00000, 0x000001f3ac170000, 0x000001f3ac4a0000]
 total_blobs=13966 nmethods=13023 adapters=854
 compilation: enabled
              stopped_count=0, restarted_count=0
 full_count=0

Compilation events (20 events):
Event: 37.871 Thread 0x000001f3c3101800 nmethod 13246 0x000001f3ae068810 code [0x000001f3ae068a00, 0x000001f3ae068dd8]
Event: 37.872 Thread 0x000001f3c3101800 13242       2       com.android.tools.r8.internal.jO::a (82 bytes)
Event: 37.873 Thread 0x000001f3c3101800 nmethod 13242 0x000001f3ae069010 code [0x000001f3ae0692a0, 0x000001f3ae0698a8]
Event: 37.873 Thread 0x000001f3c3101800 13252       2       com.android.tools.r8.internal.Np::a (53 bytes)
Event: 37.874 Thread 0x000001f3c3101800 nmethod 13252 0x000001f3ae069c90 code [0x000001f3ae069ea0, 0x000001f3ae06a108]
Event: 37.874 Thread 0x000001f3c3101800 13250       2       java.util.Collections$SetFromMap::toArray (10 bytes)
Event: 37.874 Thread 0x000001f3c3101800 nmethod 13250 0x000001f3ae06a290 code [0x000001f3ae06a440, 0x000001f3ae06a568]
Event: 37.874 Thread 0x000001f3c3101800 13251       2       java.util.IdentityHashMap$KeySet::toArray (9 bytes)
Event: 37.874 Thread 0x000001f3c3101800 nmethod 13251 0x000001f3ae06a610 code [0x000001f3ae06a7c0, 0x000001f3ae06a968]
Event: 37.874 Thread 0x000001f3c3101800 13249       1       com.android.tools.r8.internal.Cp::b (2 bytes)
Event: 37.874 Thread 0x000001f3c3101800 nmethod 13249 0x000001f3b409ef90 code [0x000001f3b409f140, 0x000001f3b409f1f8]
Event: 37.874 Thread 0x000001f3c3101800 13248       2       com.android.tools.r8.internal.mx::h (152 bytes)
Event: 37.876 Thread 0x000001f3c3101800 nmethod 13248 0x000001f3ae06aa10 code [0x000001f3ae06aca0, 0x000001f3ae06b2d8]
Event: 37.876 Thread 0x000001f3c3101800 13255       2       com.android.tools.r8.internal.cs::P0 (51 bytes)
Event: 37.876 Thread 0x000001f3c3101800 nmethod 13255 0x000001f3ae06b790 code [0x000001f3ae06b980, 0x000001f3ae06bbe8]
Event: 37.876 Thread 0x000001f3c3101800 13254       2       com.android.tools.r8.ir.regalloc.h::hashCode (32 bytes)
Event: 37.877 Thread 0x000001f3c3101800 nmethod 13254 0x000001f3ae06bd90 code [0x000001f3ae06bf40, 0x000001f3ae06c088]
Event: 37.877 Thread 0x000001f3c3101800 13253       1       com.android.tools.r8.internal.Df::b2 (2 bytes)
Event: 37.877 Thread 0x000001f3c3101800 nmethod 13253 0x000001f3b409f290 code [0x000001f3b409f440, 0x000001f3b409f4f8]
Event: 37.877 Thread 0x000001f3c3101800 13257       2       com.android.tools.r8.ir.regalloc.b::a (1831 bytes)

GC Heap History (20 events):
Event: 30.500 GC heap after
{Heap after GC invocations=52 (full 0):
 garbage-first heap   total 143360K, used 90152K [0x0000000080000000, 0x0000000100000000)
  region size 1024K, 4 young (4096K), 4 survivors (4096K)
 Metaspace       used 88098K, capacity 90646K, committed 90908K, reserved 1128448K
  class space    used 11560K, capacity 12535K, committed 12652K, reserved 1048576K
}
Event: 31.204 GC heap before
{Heap before GC invocations=53 (full 0):
 garbage-first heap   total 143360K, used 117800K [0x0000000080000000, 0x0000000100000000)
  region size 1024K, 32 young (32768K), 4 survivors (4096K)
 Metaspace       used 90055K, capacity 92404K, committed 92828K, reserved 1130496K
  class space    used 11712K, capacity 12621K, committed 12780K, reserved 1048576K
}
Event: 31.215 GC heap after
{Heap after GC invocations=54 (full 0):
 garbage-first heap   total 172032K, used 90709K [0x0000000080000000, 0x0000000100000000)
  region size 1024K, 1 young (1024K), 1 survivors (1024K)
 Metaspace       used 90055K, capacity 92404K, committed 92828K, reserved 1130496K
  class space    used 11712K, capacity 12621K, committed 12780K, reserved 1048576K
}
Event: 32.229 GC heap before
{Heap before GC invocations=54 (full 0):
 garbage-first heap   total 172032K, used 131669K [0x0000000080000000, 0x0000000100000000)
  region size 1024K, 41 young (41984K), 1 survivors (1024K)
 Metaspace       used 92658K, capacity 95042K, committed 95516K, reserved 1132544K
  class space    used 12027K, capacity 12965K, committed 13164K, reserved 1048576K
}
Event: 32.242 GC heap after
{Heap after GC invocations=55 (full 0):
 garbage-first heap   total 172032K, used 93240K [0x0000000080000000, 0x0000000100000000)
  region size 1024K, 4 young (4096K), 4 survivors (4096K)
 Metaspace       used 92658K, capacity 95042K, committed 95516K, reserved 1132544K
  class space    used 12027K, capacity 12965K, committed 13164K, reserved 1048576K
}
Event: 32.929 GC heap before
{Heap before GC invocations=56 (full 0):
 garbage-first heap   total 172032K, used 132152K [0x0000000080000000, 0x0000000100000000)
  region size 1024K, 43 young (44032K), 4 survivors (4096K)
 Metaspace       used 94323K, capacity 96748K, committed 97180K, reserved 1132544K
  class space    used 12202K, capacity 13135K, committed 13292K, reserved 1048576K
}
Event: 32.936 GC heap after
{Heap after GC invocations=57 (full 0):
 garbage-first heap   total 172032K, used 95205K [0x0000000080000000, 0x0000000100000000)
  region size 1024K, 5 young (5120K), 5 survivors (5120K)
 Metaspace       used 94323K, capacity 96748K, committed 97180K, reserved 1132544K
  class space    used 12202K, capacity 13135K, committed 13292K, reserved 1048576K
}
Event: 33.139 GC heap before
{Heap before GC invocations=57 (full 0):
 garbage-first heap   total 172032K, used 106469K [0x0000000080000000, 0x0000000100000000)
  region size 1024K, 18 young (18432K), 5 survivors (5120K)
 Metaspace       used 94808K, capacity 97284K, committed 97820K, reserved 1134592K
  class space    used 12271K, capacity 13207K, committed 13420K, reserved 1048576K
}
Event: 33.149 GC heap after
{Heap after GC invocations=58 (full 0):
 garbage-first heap   total 172032K, used 97687K [0x0000000080000000, 0x0000000100000000)
  region size 1024K, 5 young (5120K), 5 survivors (5120K)
 Metaspace       used 94808K, capacity 97284K, committed 97820K, reserved 1134592K
  class space    used 12271K, capacity 13207K, committed 13420K, reserved 1048576K
}
Event: 33.755 GC heap before
{Heap before GC invocations=59 (full 0):
 garbage-first heap   total 172032K, used 135575K [0x0000000080000000, 0x0000000100000000)
  region size 1024K, 41 young (41984K), 5 survivors (5120K)
 Metaspace       used 97989K, capacity 100454K, committed 100764K, reserved 1136640K
  class space    used 12690K, capacity 13649K, committed 13804K, reserved 1048576K
}
Event: 33.767 GC heap after
{Heap after GC invocations=60 (full 0):
 garbage-first heap   total 172032K, used 103708K [0x0000000080000000, 0x0000000100000000)
  region size 1024K, 6 young (6144K), 6 survivors (6144K)
 Metaspace       used 97989K, capacity 100454K, committed 100764K, reserved 1136640K
  class space    used 12690K, capacity 13649K, committed 13804K, reserved 1048576K
}
Event: 34.089 GC heap before
{Heap before GC invocations=60 (full 0):
 garbage-first heap   total 172032K, used 136476K [0x0000000080000000, 0x0000000100000000)
  region size 1024K, 39 young (39936K), 6 survivors (6144K)
 Metaspace       used 98172K, capacity 100654K, committed 101020K, reserved 1136640K
  class space    used 12691K, capacity 13649K, committed 13804K, reserved 1048576K
}
Event: 34.139 GC heap after
{Heap after GC invocations=61 (full 0):
 garbage-first heap   total 206848K, used 108524K [0x0000000080000000, 0x0000000100000000)
  region size 1024K, 5 young (5120K), 5 survivors (5120K)
 Metaspace       used 98172K, capacity 100654K, committed 101020K, reserved 1136640K
  class space    used 12691K, capacity 13649K, committed 13804K, reserved 1048576K
}
Event: 35.292 GC heap before
{Heap before GC invocations=62 (full 0):
 garbage-first heap   total 206848K, used 153580K [0x0000000080000000, 0x0000000100000000)
  region size 1024K, 49 young (50176K), 5 survivors (5120K)
 Metaspace       used 101852K, capacity 104442K, committed 104604K, reserved 1140736K
  class space    used 13200K, capacity 14203K, committed 14316K, reserved 1048576K
}
Event: 35.319 GC heap after
{Heap after GC invocations=63 (full 0):
 garbage-first heap   total 206848K, used 115728K [0x0000000080000000, 0x0000000100000000)
  region size 1024K, 7 young (7168K), 7 survivors (7168K)
 Metaspace       used 101852K, capacity 104442K, committed 104604K, reserved 1140736K
  class space    used 13200K, capacity 14203K, committed 14316K, reserved 1048576K
}
Event: 35.640 GC heap before
{Heap before GC invocations=63 (full 0):
 garbage-first heap   total 206848K, used 158736K [0x0000000080000000, 0x0000000100000000)
  region size 1024K, 49 young (50176K), 7 survivors (7168K)
 Metaspace       used 101887K, capacity 104481K, committed 104604K, reserved 1140736K
  class space    used 13203K, capacity 14235K, committed 14316K, reserved 1048576K
}
Event: 35.707 GC heap after
{Heap after GC invocations=64 (full 0):
 garbage-first heap   total 206848K, used 123331K [0x0000000080000000, 0x0000000100000000)
  region size 1024K, 7 young (7168K), 7 survivors (7168K)
 Metaspace       used 101887K, capacity 104481K, committed 104604K, reserved 1140736K
  class space    used 13203K, capacity 14235K, committed 14316K, reserved 1048576K
}
Event: 36.387 GC heap before
{Heap before GC invocations=64 (full 0):
 garbage-first heap   total 206848K, used 163267K [0x0000000080000000, 0x0000000100000000)
  region size 1024K, 46 young (47104K), 7 survivors (7168K)
 Metaspace       used 102101K, capacity 104682K, committed 104860K, reserved 1140736K
  class space    used 13233K, capacity 14238K, committed 14316K, reserved 1048576K
}
Event: 36.408 GC heap after
{Heap after GC invocations=65 (full 0):
 garbage-first heap   total 206848K, used 131853K [0x0000000080000000, 0x0000000100000000)
  region size 1024K, 6 young (6144K), 6 survivors (6144K)
 Metaspace       used 102101K, capacity 104682K, committed 104860K, reserved 1140736K
  class space    used 13233K, capacity 14238K, committed 14316K, reserved 1048576K
}
Event: 37.887 GC heap before
{Heap before GC invocations=66 (full 0):
 garbage-first heap   total 206848K, used 167693K [0x0000000080000000, 0x0000000100000000)
  region size 1024K, 41 young (41984K), 6 survivors (6144K)
 Metaspace       used 106348K, capacity 109083K, committed 109340K, reserved 1144832K
  class space    used 13835K, capacity 14903K, committed 14956K, reserved 1048576K
}

Deoptimization events (20 events):
Event: 36.829 Thread 0x000001f3c5ef5800 Uncommon trap: trap_request=0xffffffc6 fr.pc=0x000001f3b3eceb8c relative=0x000000000000034c
Event: 36.829 Thread 0x000001f3c5ef5800 Uncommon trap: reason=bimorphic_or_optimized_type_check action=maybe_recompile pc=0x000001f3b3eceb8c method=java.util.stream.StreamOpFlag.fromCharacteristics(Ljava/util/Spliterator;)I @ 14 c2
Event: 36.829 Thread 0x000001f3c5ef5800 DEOPT PACKING pc=0x000001f3b3eceb8c sp=0x0000005eefcf9f70
Event: 36.829 Thread 0x000001f3c5ef5800 DEOPT UNPACKING pc=0x000001f3abf4a1af sp=0x0000005eefcf9e58 mode 2
Event: 36.863 Thread 0x000001f3c5ef5800 Uncommon trap: trap_request=0xffffff4d fr.pc=0x000001f3b402adcc relative=0x0000000000000e6c
Event: 36.863 Thread 0x000001f3c5ef5800 Uncommon trap: reason=unstable_if action=reinterpret pc=0x000001f3b402adcc method=java.lang.Integer.compare(II)I @ 2 c2
Event: 36.863 Thread 0x000001f3c5ef5800 DEOPT PACKING pc=0x000001f3b402adcc sp=0x0000005eefcf98f0
Event: 36.864 Thread 0x000001f3c5ef5800 DEOPT UNPACKING pc=0x000001f3abf4a1af sp=0x0000005eefcf97d0 mode 2
Event: 37.264 Thread 0x000001f3c5ef5800 Uncommon trap: trap_request=0xffffff4d fr.pc=0x000001f3b3bfcf64 relative=0x0000000000000c44
Event: 37.264 Thread 0x000001f3c5ef5800 Uncommon trap: reason=unstable_if action=reinterpret pc=0x000001f3b3bfcf64 method=java.util.HashMap.computeIfAbsent(Ljava/lang/Object;Ljava/util/function/Function;)Ljava/lang/Object; @ 145 c2
Event: 37.264 Thread 0x000001f3c5ef5800 DEOPT PACKING pc=0x000001f3b3bfcf64 sp=0x0000005eefcf9cf0
Event: 37.264 Thread 0x000001f3c5ef5800 DEOPT UNPACKING pc=0x000001f3abf4a1af sp=0x0000005eefcf9cc0 mode 2
Event: 37.658 Thread 0x000001f3c5ef5800 Uncommon trap: trap_request=0xffffff4d fr.pc=0x000001f3b40533d4 relative=0x0000000000000194
Event: 37.658 Thread 0x000001f3c5ef5800 Uncommon trap: reason=unstable_if action=reinterpret pc=0x000001f3b40533d4 method=com.android.tools.r8.internal.ug.a(C)Z @ 21 c2
Event: 37.658 Thread 0x000001f3c5ef5800 DEOPT PACKING pc=0x000001f3b40533d4 sp=0x0000005eefcf9d60
Event: 37.658 Thread 0x000001f3c5ef5800 DEOPT UNPACKING pc=0x000001f3abf4a1af sp=0x0000005eefcf9c30 mode 2
Event: 37.659 Thread 0x000001f3c5ef5800 Uncommon trap: trap_request=0xffffff4d fr.pc=0x000001f3b4052f9c relative=0x000000000000007c
Event: 37.659 Thread 0x000001f3c5ef5800 Uncommon trap: reason=unstable_if action=reinterpret pc=0x000001f3b4052f9c method=com.android.tools.r8.internal.ug.a(C)Z @ 21 c2
Event: 37.659 Thread 0x000001f3c5ef5800 DEOPT PACKING pc=0x000001f3b4052f9c sp=0x0000005eefcf99b0
Event: 37.659 Thread 0x000001f3c5ef5800 DEOPT UNPACKING pc=0x000001f3abf4a1af sp=0x0000005eefcf9940 mode 2

Classes redefined (0 events):
No events

Internal exceptions (20 events):
Event: 29.374 Thread 0x000001f3c820f000 Exception <a 'java/lang/NoSuchMethodError'{0x0000000087417e48}: 'java.lang.Object java.lang.invoke.DirectMethodHandle$Holder.invokeSpecialIFC(java.lang.Object, java.lang.Object, java.lang.Object)'> (0x0000000087417e48) thrown at [src/hotspot/share/interpreter/linkResolver.cpp, line 773]
Event: 29.374 Thread 0x000001f3c5eea800 Exception <a 'java/lang/NoSuchMethodError'{0x000000008740b418}: 'java.lang.Object java.lang.invoke.DirectMethodHandle$Holder.invokeSpecialIFC(java.lang.Object, java.lang.Object, java.lang.Object)'> (0x000000008740b418) thrown at [src/hotspot/share/interpreter/linkResolver.cpp, line 773]
Event: 29.747 Thread 0x000001f3c5bce000 Exception <a 'java/lang/NoSuchMethodError'{0x000000008882eee0}: 'void java.lang.invoke.DirectMethodHandle$Holder.invokeVirtual(java.lang.Object, java.lang.Object)'> (0x000000008882eee0) thrown at [src/hotspot/share/interpreter/linkResolver.cpp, line 773]
Event: 30.147 Thread 0x000001f3c5bcf000 Implicit null exception at 0x000001f3b3f3a4a4 to 0x000001f3b3f3a644
Event: 30.265 Thread 0x000001f3c820f000 Exception <a 'java/lang/NoSuchMethodError'{0x0000000087aa7f30}: 'void java.lang.invoke.DirectMethodHandle$Holder.invokeInterface(java.lang.Object, java.lang.Object, java.lang.Object, java.lang.Object)'> (0x0000000087aa7f30) thrown at [src/hotspot/share/interpreter/linkResolver.cpp, line 773]
Event: 30.363 Thread 0x000001f3c820f000 Exception <a 'java/lang/NoSuchMethodError'{0x00000000878c0140}: 'java.lang.Object java.lang.invoke.DirectMethodHandle$Holder.invokeStatic(java.lang.Object, java.lang.Object, java.lang.Object, java.lang.Object, java.lang.Object, java.lang.Object, java.lang.Object, java.lang.Object, java.lang.Object, java.lang.Object, java.lang.Object, java.lang.Object, java.lang.Object, java.lang.Object, java.lang.Object, int)'> (0x00000000878c0140) thrown at [src/hotspot/share/interpreter/linkResolver.cpp, line 773]
Event: 33.289 Thread 0x000001f3c5ef5800 Exception <a 'sun/nio/fs/WindowsException'{0x0000000088ff92e0}> (0x0000000088ff92e0) thrown at [src/hotspot/share/prims/jni.cpp, line 617]
Event: 33.375 Thread 0x000001f3c5ef5800 Exception <a 'java/lang/NoSuchMethodError'{0x0000000088c8df68}: 'java.lang.Object java.lang.invoke.DirectMethodHandle$Holder.newInvokeSpecial(java.lang.Object, int)'> (0x0000000088c8df68) thrown at [src/hotspot/share/interpreter/linkResolver.cpp, line 773]
Event: 33.561 Thread 0x000001f3c5ef5800 Exception <a 'java/lang/NoSuchMethodError'{0x00000000886d3d20}: 'java.lang.Object java.lang.invoke.DirectMethodHandle$Holder.invokeStaticInit(java.lang.Object, java.lang.Object, java.lang.Object, java.lang.Object, java.lang.Object, java.lang.Object, java.lang.Object, java.lang.Object, java.lang.Object, java.lang.Object, java.lang.Object, java.lang.Object, java.lang.Object, java.lang.Object, java.lang.Object, java.lang.Object, java.lang.Object, java.lang.Object, java.lang.Object, int, java.lang.Object, java
Event: 33.592 Thread 0x000001f3c5ef5800 Exception <a 'java/lang/IncompatibleClassChangeError'{0x0000000088416c98}: Found class java.lang.Object, but interface was expected> (0x0000000088416c98) thrown at [src/hotspot/share/interpreter/linkResolver.cpp, line 839]
Event: 33.658 Thread 0x000001f3c5ef5800 Exception <a 'java/lang/NoSuchMethodError'{0x00000000882d5d08}: 'java.lang.Object java.lang.invoke.DirectMethodHandle$Holder.invokeStatic(java.lang.Object, long)'> (0x00000000882d5d08) thrown at [src/hotspot/share/interpreter/linkResolver.cpp, line 773]
Event: 33.659 Thread 0x000001f3c5ef5800 Exception <a 'java/lang/NoSuchMethodError'{0x00000000882d9d20}: 'java.lang.Object java.lang.invoke.DirectMethodHandle$Holder.invokeSpecial(java.lang.Object, java.lang.Object, long)'> (0x00000000882d9d20) thrown at [src/hotspot/share/interpreter/linkResolver.cpp, line 773]
Event: 34.571 Thread 0x000001f3c5ef5800 Exception <a 'java/lang/NoSuchMethodError'{0x000000008b4639f0}: 'void java.lang.invoke.DirectMethodHandle$Holder.invokeStatic(java.lang.Object, java.lang.Object, java.lang.Object, int)'> (0x000000008b4639f0) thrown at [src/hotspot/share/interpreter/linkResolver.cpp, line 773]
Event: 34.573 Thread 0x000001f3c5ef5800 Exception <a 'java/lang/IncompatibleClassChangeError'{0x000000008b46d968}: Found class java.lang.Object, but interface was expected> (0x000000008b46d968) thrown at [src/hotspot/share/interpreter/linkResolver.cpp, line 839]
Event: 35.112 Thread 0x000001f3c5ef5800 Exception <a 'java/lang/NoSuchMethodError'{0x000000008a3f7048}: 'java.lang.Object java.lang.invoke.DirectMethodHandle$Holder.invokeStatic(java.lang.Object, int, java.lang.Object, java.lang.Object)'> (0x000000008a3f7048) thrown at [src/hotspot/share/interpreter/linkResolver.cpp, line 773]
Event: 36.491 Thread 0x000001f3c5ef5800 Exception <a 'java/lang/IncompatibleClassChangeError'{0x000000008c7d4f60}: Found class java.lang.Object, but interface was expected> (0x000000008c7d4f60) thrown at [src/hotspot/share/interpreter/linkResolver.cpp, line 839]
Event: 36.495 Thread 0x000001f3c5ef5800 Exception <a 'java/lang/IncompatibleClassChangeError'{0x000000008c7dfa08}: Found class java.lang.Object, but interface was expected> (0x000000008c7dfa08) thrown at [src/hotspot/share/interpreter/linkResolver.cpp, line 839]
Event: 36.640 Thread 0x000001f3c5ef5800 Exception <a 'java/lang/NoSuchMethodError'{0x000000008c32a3a8}: 'void java.lang.invoke.DirectMethodHandle$Holder.invokeSpecial(java.lang.Object, java.lang.Object, int, java.lang.Object)'> (0x000000008c32a3a8) thrown at [src/hotspot/share/interpreter/linkResolver.cpp, line 773]
Event: 36.782 Thread 0x000001f3c5ef5800 Exception <a 'java/lang/NoSuchMethodError'{0x000000008c06c278}: 'int java.lang.invoke.DirectMethodHandle$Holder.invokeSpecial(java.lang.Object, java.lang.Object, java.lang.Object, int, java.lang.Object)'> (0x000000008c06c278) thrown at [src/hotspot/share/interpreter/linkResolver.cpp, line 773]
Event: 37.672 Thread 0x000001f3c5ef5800 Exception <a 'java/lang/NoSuchMethodError'{0x000000008b0bd4e0}: 'java.lang.Object java.lang.invoke.DirectMethodHandle$Holder.invokeInterface(java.lang.Object, java.lang.Object, int)'> (0x000000008b0bd4e0) thrown at [src/hotspot/share/interpreter/linkResolver.cpp, line 773]

Events (20 events):
Event: 37.772 loading class com/android/tools/r8/internal/B9 done
Event: 37.774 loading class com/android/tools/r8/dex/code/T2
Event: 37.774 loading class com/android/tools/r8/dex/code/T2 done
Event: 37.775 loading class com/android/tools/r8/dex/code/F3
Event: 37.775 loading class com/android/tools/r8/dex/code/F3 done
Event: 37.776 loading class com/android/tools/r8/dex/code/S2
Event: 37.776 loading class com/android/tools/r8/dex/code/S2 done
Event: 37.777 loading class com/android/tools/r8/dex/code/E3
Event: 37.777 loading class com/android/tools/r8/dex/code/E3 done
Event: 37.783 loading class com/android/tools/r8/internal/uh
Event: 37.783 loading class com/android/tools/r8/internal/uh done
Event: 37.816 loading class com/android/tools/r8/internal/jO
Event: 37.816 loading class com/android/tools/r8/internal/jO done
Event: 37.825 loading class com/android/tools/r8/graph/W
Event: 37.825 loading class com/android/tools/r8/graph/W done
Event: 37.826 loading class com/android/tools/r8/graph/W
Event: 37.826 loading class com/android/tools/r8/graph/W done
Event: 37.841 Executing VM operation: ICBufferFull
Event: 37.841 Executing VM operation: ICBufferFull done
Event: 37.887 Executing VM operation: G1CollectForAllocation


Dynamic libraries:
0x00007ff71fdb0000 - 0x00007ff71fdba000 	D:\anroidd\jbr\bin\java.exe
0x00007ffa8f3f0000 - 0x00007ffa8f5e5000 	C:\Windows\SYSTEM32\ntdll.dll
0x00007ffa8ea90000 - 0x00007ffa8eb4d000 	C:\Windows\System32\KERNEL32.DLL
0x00007ffa8cb30000 - 0x00007ffa8cdf8000 	C:\Windows\System32\KERNELBASE.dll
0x00007ffa8d1a0000 - 0x00007ffa8d2a0000 	C:\Windows\System32\ucrtbase.dll
0x00007ffa882d0000 - 0x00007ffa882e7000 	D:\anroidd\jbr\bin\jli.dll
0x00007ffa8d460000 - 0x00007ffa8d600000 	C:\Windows\System32\USER32.dll
0x00007ffa8d170000 - 0x00007ffa8d192000 	C:\Windows\System32\win32u.dll
0x00007ffa8f080000 - 0x00007ffa8f0aa000 	C:\Windows\System32\GDI32.dll
0x00007ffa8d350000 - 0x00007ffa8d45b000 	C:\Windows\System32\gdi32full.dll
0x00007ffa8d0d0000 - 0x00007ffa8d16d000 	C:\Windows\System32\msvcp_win.dll
0x00007ffa79600000 - 0x00007ffa7989a000 	C:\Windows\WinSxS\amd64_microsoft.windows.common-controls_6595b64144ccf1df_6.0.19041.1052_none_60b8f8fd71f5e8cb\COMCTL32.dll
0x00007ffa8dfa0000 - 0x00007ffa8e03e000 	C:\Windows\System32\msvcrt.dll
0x00007ffa882b0000 - 0x00007ffa882cb000 	D:\anroidd\jbr\bin\VCRUNTIME140.dll
0x00007ffa8dc60000 - 0x00007ffa8dc90000 	C:\Windows\System32\IMM32.DLL
0x00007ffa882a0000 - 0x00007ffa882ac000 	D:\anroidd\jbr\bin\vcruntime140_1.dll
0x00007ffa6b6f0000 - 0x00007ffa6b77d000 	D:\anroidd\jbr\bin\msvcp140.dll
0x00007ffa656c0000 - 0x00007ffa6627c000 	D:\anroidd\jbr\bin\server\jvm.dll
0x00007ffa8e160000 - 0x00007ffa8e20c000 	C:\Windows\System32\ADVAPI32.dll
0x00007ffa8db40000 - 0x00007ffa8dbdb000 	C:\Windows\System32\sechost.dll
0x00007ffa8f280000 - 0x00007ffa8f3ab000 	C:\Windows\System32\RPCRT4.dll
0x00007ffa85740000 - 0x00007ffa8574a000 	C:\Windows\SYSTEM32\VERSION.dll
0x00007ffa825a0000 - 0x00007ffa825c7000 	C:\Windows\SYSTEM32\WINMM.dll
0x00007ffa7f5f0000 - 0x00007ffa7f5f9000 	C:\Windows\SYSTEM32\WSOCK32.dll
0x00007ffa8f270000 - 0x00007ffa8f278000 	C:\Windows\System32\PSAPI.DLL
0x00007ffa8f1e0000 - 0x00007ffa8f24b000 	C:\Windows\System32\ws2_32.DLL
0x00007ffa8b400000 - 0x00007ffa8b412000 	C:\Windows\SYSTEM32\kernel.appcore.dll
0x00007ffa7f5e0000 - 0x00007ffa7f5f0000 	D:\anroidd\jbr\bin\verify.dll
0x00007ffa8a850000 - 0x00007ffa8aa34000 	C:\Windows\SYSTEM32\DBGHELP.DLL
0x00007ffa74940000 - 0x00007ffa7496c000 	C:\Windows\SYSTEM32\dbgcore.DLL
0x00007ffa8ce00000 - 0x00007ffa8ce83000 	C:\Windows\System32\bcryptPrimitives.dll
0x00007ffa7f5b0000 - 0x00007ffa7f5d8000 	D:\anroidd\jbr\bin\java.dll
0x00007ffa798b0000 - 0x00007ffa798ba000 	D:\anroidd\jbr\bin\jimage.dll
0x00007ffa786a0000 - 0x00007ffa786b8000 	D:\anroidd\jbr\bin\zip.dll
0x00007ffa8e2e0000 - 0x00007ffa8ea1f000 	C:\Windows\System32\SHELL32.dll
0x00007ffa8ac60000 - 0x00007ffa8b3f0000 	C:\Windows\SYSTEM32\windows.storage.dll
0x00007ffa8d7e0000 - 0x00007ffa8db35000 	C:\Windows\System32\combase.dll
0x00007ffa8c5a0000 - 0x00007ffa8c5cc000 	C:\Windows\SYSTEM32\Wldp.dll
0x00007ffa8de40000 - 0x00007ffa8deee000 	C:\Windows\System32\SHCORE.dll
0x00007ffa8d6f0000 - 0x00007ffa8d745000 	C:\Windows\System32\shlwapi.dll
0x00007ffa8ca70000 - 0x00007ffa8ca8f000 	C:\Windows\SYSTEM32\profapi.dll
0x00007ffa67d90000 - 0x00007ffa67da9000 	D:\anroidd\jbr\bin\net.dll
0x00007ffa86030000 - 0x00007ffa8613b000 	C:\Windows\SYSTEM32\WINHTTP.dll
0x00007ffa8c310000 - 0x00007ffa8c37a000 	C:\Windows\system32\mswsock.dll
0x00007ffa667f0000 - 0x00007ffa66803000 	D:\anroidd\jbr\bin\nio.dll
0x00007ffa88340000 - 0x00007ffa88367000 	C:\Users\sergi\.gradle\native\e1d6ef7f7dcc3fd88c89a11ec53ec762bb8ba0a96d01ffa2cd45eb1d1d8dd5c5\windows-amd64\native-platform.dll
0x00007ffa59bd0000 - 0x00007ffa59d14000 	C:\Users\sergi\.gradle\native\0d407fdbe67a94daf76414ababcb853783967236a71b16ec16e742cd7a986fd3\windows-amd64\native-platform-file-events.dll
0x00007ffa66940000 - 0x00007ffa6694a000 	D:\anroidd\jbr\bin\management.dll
0x00007ffa665f0000 - 0x00007ffa665fb000 	D:\anroidd\jbr\bin\management_ext.dll
0x00007ffa8c4e0000 - 0x00007ffa8c4f8000 	C:\Windows\SYSTEM32\CRYPTSP.dll
0x00007ffa8bc40000 - 0x00007ffa8bc74000 	C:\Windows\system32\rsaenh.dll
0x00007ffa8d0a0000 - 0x00007ffa8d0c7000 	C:\Windows\System32\bcrypt.dll
0x00007ffa8ca30000 - 0x00007ffa8ca5e000 	C:\Windows\SYSTEM32\USERENV.dll
0x00007ffa8c500000 - 0x00007ffa8c50c000 	C:\Windows\SYSTEM32\CRYPTBASE.dll
0x00007ffa8bfb0000 - 0x00007ffa8bfeb000 	C:\Windows\SYSTEM32\IPHLPAPI.DLL
0x00007ffa8d600000 - 0x00007ffa8d608000 	C:\Windows\System32\NSI.dll
0x00007ffa85720000 - 0x00007ffa85737000 	C:\Windows\SYSTEM32\dhcpcsvc6.DLL
0x00007ffa86300000 - 0x00007ffa8631d000 	C:\Windows\SYSTEM32\dhcpcsvc.DLL
0x00007ffa8c000000 - 0x00007ffa8c0cc000 	C:\Windows\SYSTEM32\DNSAPI.dll
0x00007ffa5a4c0000 - 0x00007ffa5a4d7000 	C:\Windows\system32\napinsp.dll
0x00007ffa5a4a0000 - 0x00007ffa5a4bb000 	C:\Windows\system32\pnrpnsp.dll
0x00007ffa87170000 - 0x00007ffa87185000 	C:\Windows\system32\wshbth.dll
0x00007ffa880c0000 - 0x00007ffa880dd000 	C:\Windows\system32\NLAapi.dll
0x00007ffa5a480000 - 0x00007ffa5a492000 	C:\Windows\System32\winrnr.dll
0x0000000077c60000 - 0x0000000077c6a000 	C:\Program Files\National Instruments\Shared\mDNS Responder\nimdnsNSP.dll
0x0000000077c50000 - 0x0000000077c60000 	C:\Windows\SYSTEM32\nimdnsResponder.dll
0x00007ffa795f0000 - 0x00007ffa795fa000 	C:\Windows\System32\rasadhlp.dll
0x00007ffa7a2b0000 - 0x00007ffa7a32f000 	C:\Windows\System32\fwpuclnt.dll

dbghelp: loaded successfully - version: 4.0.5 - missing functions: none
symbol engine: initialized successfully - sym options: 0x614 - pdb path: .;D:\anroidd\jbr\bin;C:\Windows\SYSTEM32;C:\Windows\WinSxS\amd64_microsoft.windows.common-controls_6595b64144ccf1df_6.0.19041.1052_none_60b8f8fd71f5e8cb;D:\anroidd\jbr\bin\server;C:\Users\sergi\.gradle\native\e1d6ef7f7dcc3fd88c89a11ec53ec762bb8ba0a96d01ffa2cd45eb1d1d8dd5c5\windows-amd64;C:\Users\sergi\.gradle\native\0d407fdbe67a94daf76414ababcb853783967236a71b16ec16e742cd7a986fd3\windows-amd64;C:\Program Files\National Instruments\Shared\mDNS Responder

VM Arguments:
jvm_args: --add-opens=java.base/java.util=ALL-UNNAMED --add-opens=java.base/java.lang=ALL-UNNAMED --add-opens=java.base/java.lang.invoke=ALL-UNNAMED --add-opens=java.base/java.util=ALL-UNNAMED --add-opens=java.prefs/java.util.prefs=ALL-UNNAMED --add-opens=java.prefs/java.util.prefs=ALL-UNNAMED --add-opens=java.base/java.nio.charset=ALL-UNNAMED --add-opens=java.base/java.net=ALL-UNNAMED --add-opens=java.base/java.util.concurrent.atomic=ALL-UNNAMED -Xmx2048m -Dfile.encoding=UTF-8 -Duser.country=RU -Duser.language=ru -Duser.variant 
java_command: org.gradle.launcher.daemon.bootstrap.GradleDaemon 7.5
java_class_path (initial): C:\Users\sergi\.gradle\wrapper\dists\gradle-7.5-bin\f1w0cc9nuo0eivz97x2xlu9sv\gradle-7.5\lib\gradle-launcher-7.5.jar
Launcher Type: SUN_STANDARD

[Global flags]
     intx CICompilerCount                          = 4                                         {product} {ergonomic}
     uint ConcGCThreads                            = 2                                         {product} {ergonomic}
     uint G1ConcRefinementThreads                  = 8                                         {product} {ergonomic}
   size_t G1HeapRegionSize                         = 1048576                                   {product} {ergonomic}
    uintx GCDrainStackTargetSize                   = 64                                        {product} {ergonomic}
   size_t InitialHeapSize                          = 100663296                                 {product} {ergonomic}
   size_t MarkStackSize                            = 4194304                                   {product} {ergonomic}
   size_t MaxHeapSize                              = 2147483648                                {product} {command line}
   size_t MaxNewSize                               = 1287651328                                {product} {ergonomic}
   size_t MinHeapDeltaBytes                        = 1048576                                   {product} {ergonomic}
    uintx NonNMethodCodeHeapSize                   = 5836300                                {pd product} {ergonomic}
    uintx NonProfiledCodeHeapSize                  = 122910970                              {pd product} {ergonomic}
    uintx ProfiledCodeHeapSize                     = 122910970                              {pd product} {ergonomic}
    uintx ReservedCodeCacheSize                    = 251658240                              {pd product} {ergonomic}
     bool SegmentedCodeCache                       = true                                      {product} {ergonomic}
     bool UseCompressedClassPointers               = true                                 {lp64_product} {ergonomic}
     bool UseCompressedOops                        = true                                 {lp64_product} {ergonomic}
     bool UseG1GC                                  = true                                      {product} {ergonomic}
     bool UseLargePagesIndividualAllocation        = false                                  {pd product} {ergonomic}

Logging:
Log output configuration:
 #0: stdout all=warning uptime,level,tags
 #1: stderr all=off uptime,level,tags

Environment Variables:
PATH=C:\Windows\system32;C:\Windows;C:\Windows\System32\Wbem;C:\Windows\System32\WindowsPowerShell\v1.0\;C:\Windows\System32\OpenSSH\;C:\Program Files\NVIDIA Corporation\NVIDIA NvDLISR;C:\Program Files (x86)\NVIDIA Corporation\PhysX\Common;C:\Program Files\Git\cmd;C:\Users\sergi\AppData\Local\Microsoft\WindowsApps
USERNAME=sergi
OS=Windows_NT
PROCESSOR_IDENTIFIER=AMD64 Family 23 Model 24 Stepping 1, AuthenticAMD



---------------  S Y S T E M  ---------------

OS: Windows 10 , 64 bit Build 19041 (10.0.19041.1023)
OS uptime: 0 days 0:11 hours

CPU:total 8 (initial active 8) (8 cores per cpu, 2 threads per core) family 23 model 24 stepping 1 microcode 0x0, cmov, cx8, fxsr, mmx, sse, sse2, sse3, ssse3, sse4.1, sse4.2, popcnt, avx, avx2, aes, clmul, mmxext, 3dnowpref, lzcnt, sse4a, ht, tsc, tscinvbit, tscinv, bmi1, bmi2, adx, sha, fma

Memory: 4k page, system-wide physical 6081M (246M free)
TotalPageFile size 10081M (AvailPageFile size 31M)
current process WorkingSet (physical memory assigned to process): 318M, peak: 357M
current process commit charge ("private bytes"): 554M, peak: 680M

vm_info: OpenJDK 64-Bit Server VM (11.0.15+0-b2043.56-9505619) for windows-amd64 JRE (11.0.15+0-b2043.56-9505619), built on Jan 19 2023 02:48:00 by "builduser" with unknown MS VC++:1929

END.
